Сборка начата 06.12.2023 2:10:04.
Уровень детализации журнала: Normal.     1>Проект "D:\app\DDD-2022\DDD-2022\DDD-2022.vcxproj" в узле 4 (целевые объекты Rebuild).
     1>_PrepareForClean:
         Файл "Debug\DDD-2022.tlog\DDD-2022.lastbuildstate" удаляется.
       InitializeBuildStatus:
         Создание "Debug\DDD-2022.tlog\unsuccessfulbuild", так как было задано "AlwaysCreate".
       ClCompile:
         C:\Program Files\Microsoft Visual Studio\2022\Community\VC\Tools\MSVC\14.35.32215\bin\HostX86\x86\CL.exe /c /ZI /JMC /nologo /W3 /WX- /diagnostics:column /sdl /Od /Oy- /D WIN32 /D _DEBUG /D _CONSOLE /D _UNICODE /D UNICODE /Gm- /EHsc /RTC1 /MDd /GS /fp:precise /Zc:wchar_t /Zc:forScope /Zc:inline /permissive- /Fo"Debug\\" /Fd"Debug\vc143.pdb" /external:W3 /Gd /TP /analyze- /FC /errorReport:prompt "DDD-2022.cpp" Error.cpp FST.cpp Generator.cpp Greibach.cpp In.cpp Log.cpp LT.cpp MFST.cpp Parm.cpp LexAnalysis.cpp IT.cpp PolishNotation.cpp SemAnalysis.cpp
         DDD-2022.cpp
         Error.cpp
         FST.cpp
         Generator.cpp
         Greibach.cpp
         In.cpp
         Log.cpp
         LT.cpp
         MFST.cpp
         Parm.cpp
         LexAnalysis.cpp
         IT.cpp
         PolishNotation.cpp
         SemAnalysis.cpp
         Создание кода...
       Link:
         C:\Program Files\Microsoft Visual Studio\2022\Community\VC\Tools\MSVC\14.35.32215\bin\HostX86\x86\link.exe /ERRORREPORT:PROMPT /OUT:"D:\app\DDD-2022\Debug\DDD-2022.exe" /INCREMENTAL /ILK:"Debug\DDD-2022.ilk" /NOLOGO kernel32.lib user32.lib gdi32.lib winspool.lib comdlg32.lib advapi32.lib shell32.lib ole32.lib oleaut32.lib uuid.lib odbc32.lib odbccp32.lib /MANIFEST /MANIFESTUAC:"level='asInvoker' uiAccess='false'" /manifest:embed /DEBUG /PDB:"D:\app\DDD-2022\Debug\DDD-2022.pdb" /SUBSYSTEM:CONSOLE /TLBID:1 /DYNAMICBASE /NXCOMPAT /IMPLIB:"D:\app\DDD-2022\Debug\DDD-2022.lib" /MACHINE:X86 "Debug\DDD-2022.obj"
         Debug\Error.obj
         Debug\FST.obj
         Debug\Generator.obj
         Debug\Greibach.obj
         Debug\In.obj
         Debug\Log.obj
         Debug\LT.obj
         Debug\MFST.obj
         Debug\Parm.obj
         Debug\LexAnalysis.obj
         Debug\IT.obj
         Debug\PolishNotation.obj
         Debug\SemAnalysis.obj
         DDD-2022.vcxproj -> D:\app\DDD-2022\Debug\DDD-2022.exe
       FinalizeBuildStatus:
         Файл "Debug\DDD-2022.tlog\unsuccessfulbuild" удаляется.
         Обращение к "Debug\DDD-2022.tlog\DDD-2022.lastbuildstate".
     1>Сборка проекта "D:\app\DDD-2022\DDD-2022\DDD-2022.vcxproj" завершена (целевые объекты Rebuild).

Сборка успешно завершена.
    Предупреждений: 0
    Ошибок: 0

Прошло времени 00:00:10.89
