d:\app\ddd-2022\ddd-2022\debug\vc143.pdb
d:\app\ddd-2022\ddd-2022\debug\vc143.idb
d:\app\ddd-2022\ddd-2022\debug\semanalysis.obj
d:\app\ddd-2022\ddd-2022\debug\polishnotation.obj
d:\app\ddd-2022\ddd-2022\debug\it.obj
d:\app\ddd-2022\ddd-2022\debug\lexanalysis.obj
d:\app\ddd-2022\ddd-2022\debug\parm.obj
d:\app\ddd-2022\ddd-2022\debug\mfst.obj
d:\app\ddd-2022\ddd-2022\debug\lt.obj
d:\app\ddd-2022\ddd-2022\debug\log.obj
d:\app\ddd-2022\ddd-2022\debug\in.obj
d:\app\ddd-2022\ddd-2022\debug\greibach.obj
d:\app\ddd-2022\ddd-2022\debug\generator.obj
d:\app\ddd-2022\ddd-2022\debug\fst.obj
d:\app\ddd-2022\ddd-2022\debug\error.obj
d:\app\ddd-2022\ddd-2022\debug\ddd-2022.obj
d:\app\ddd-2022\ddd-2022\debug\ddd-2022.ilk
d:\app\ddd-2022\debug\ddd-2022.exe
d:\app\ddd-2022\debug\ddd-2022.pdb
d:\app\ddd-2022\ddd-2022\debug\ddd-2022.tlog\cl.command.1.tlog
d:\app\ddd-2022\ddd-2022\debug\ddd-2022.tlog\cl.read.1.tlog
d:\app\ddd-2022\ddd-2022\debug\ddd-2022.tlog\cl.write.1.tlog
d:\app\ddd-2022\ddd-2022\debug\ddd-2022.tlog\link.command.1.tlog
d:\app\ddd-2022\ddd-2022\debug\ddd-2022.tlog\link.read.1.tlog
d:\app\ddd-2022\ddd-2022\debug\ddd-2022.tlog\link.write.1.tlog
