
================================  Протокол работы  ================================
===========================  Дата: 06.12.2023 19:49:26  ===========================


================  Параметры  ================
-in: example.txt
-out: example.txt.asm
-log: example.txt.log
=============  Исходные данные  =============
Количество символов: 655
Проигнорировано:   0
Количество строк:  42

===============================  ТАБЛИЦА ЛЕКСЕМ  ==================================

|  N | ЛЕКСЕМА | СТРОКА | ИНДЕКС В ТИ |
|  0 |    t    |    1   |             |
|  1 |    f    |    1   |             |
|  2 |    i    |    1   |       0     |
|  3 |    (    |    1   |             |
|  4 |    t    |    1   |             |
|  5 |    i    |    1   |       1     |
|  6 |    ,    |    1   |             |
|  7 |    t    |    1   |             |
|  8 |    i    |    1   |       2     |
|  9 |    )    |    1   |             |
| 10 |    {    |    2   |             |
| 11 |    n    |    3   |             |
| 12 |    t    |    3   |             |
| 13 |    i    |    3   |       3     |
| 14 |    ;    |    3   |             |
| 15 |    ?    |    4   |             |
| 16 |    i    |    4   |       1     |
| 17 |    <    |    4   |             |
| 18 |    i    |    4   |       2     |
| 19 |    #    |    4   |             |
| 20 |    w    |    5   |             |
| 21 |    {    |    5   |             |
| 22 |    i    |    5   |       3     |
| 23 |    =    |    5   |             |
| 24 |    i    |    5   |       1     |
| 25 |    ;    |    5   |             |
| 26 |    }    |    5   |             |
| 27 |    r    |    6   |             |
| 28 |    {    |    6   |             |
| 29 |    i    |    6   |       3     |
| 30 |    =    |    6   |             |
| 31 |    i    |    6   |       2     |
| 32 |    ;    |    6   |             |
| 33 |    }    |    6   |             |
| 34 |    #    |    6   |             |
| 35 |    e    |    7   |             |
| 36 |    i    |    7   |       3     |
| 37 |    ;    |    7   |             |
| 38 |    }    |    8   |             |
| 39 |    p    |   10   |             |
| 40 |    f    |   10   |             |
| 41 |    i    |   10   |       4     |
| 42 |    (    |   10   |             |
| 43 |    t    |   10   |             |
| 44 |    i    |   10   |       5     |
| 45 |    ,    |   10   |             |
| 46 |    t    |   10   |             |
| 47 |    i    |   10   |       6     |
| 48 |    )    |   10   |             |
| 49 |    {    |   11   |             |
| 50 |    n    |   12   |             |
| 51 |    t    |   12   |             |
| 52 |    i    |   12   |       7     |
| 53 |    ;    |   12   |             |
| 54 |    i    |   13   |       7     |
| 55 |    =    |   13   |             |
| 56 |    i    |   13   |       8     |
| 57 |    (    |   13   |             |
| 58 |    i    |   13   |       5     |
| 59 |    )    |   13   |             |
| 60 |    +    |   13   |             |
| 61 |    l    |   13   |       9     |
| 62 |    ;    |   13   |             |
| 63 |    o    |   14   |             |
| 64 |    l    |   14   |      10     |
| 65 |    ;    |   14   |             |
| 66 |    o    |   15   |             |
| 67 |    i    |   15   |       7     |
| 68 |    ;    |   15   |             |
| 69 |    ^    |   16   |             |
| 70 |    ;    |   16   |             |
| 71 |    n    |   18   |             |
| 72 |    t    |   18   |             |
| 73 |    i    |   18   |      11     |
| 74 |    ;    |   18   |             |
| 75 |    i    |   19   |      11     |
| 76 |    =    |   19   |             |
| 77 |    i    |   19   |      12     |
| 78 |    (    |   19   |             |
| 79 |    i    |   19   |       6     |
| 80 |    )    |   19   |             |
| 81 |    ;    |   19   |             |
| 82 |    o    |   20   |             |
| 83 |    l    |   20   |      13     |
| 84 |    ;    |   20   |             |
| 85 |    o    |   21   |             |
| 86 |    i    |   21   |      11     |
| 87 |    ;    |   21   |             |
| 88 |    ^    |   22   |             |
| 89 |    ;    |   22   |             |
| 90 |    e    |   23   |             |
| 91 |    ;    |   23   |             |
| 92 |    }    |   24   |             |
| 93 |    m    |   27   |             |
| 94 |    {    |   28   |             |
| 95 |    n    |   29   |             |
| 96 |    t    |   29   |             |
| 97 |    i    |   29   |      14     |
| 98 |    =    |   29   |             |
| 99 |    l    |   29   |      15     |
|100 |    ;    |   29   |             |
|101 |    ^    |   30   |             |
|102 |    ;    |   30   |             |
|103 |    o    |   31   |             |
|104 |    i    |   31   |      14     |
|105 |    ;    |   31   |             |
|106 |    ^    |   32   |             |
|107 |    ;    |   32   |             |
|108 |    o    |   33   |             |
|109 |    i    |   33   |      14     |
|110 |    ;    |   33   |             |
|111 |    ^    |   34   |             |
|112 |    ;    |   34   |             |
|113 |    n    |   35   |             |
|114 |    t    |   35   |             |
|115 |    i    |   35   |      16     |
|116 |    =    |   35   |             |
|117 |    l    |   35   |      17     |
|118 |    ;    |   35   |             |
|119 |    n    |   36   |             |
|120 |    t    |   36   |             |
|121 |    i    |   36   |      18     |
|122 |    =    |   36   |             |
|123 |    l    |   36   |      19     |
|124 |    ;    |   36   |             |
|125 |    i    |   37   |       4     |
|126 |    (    |   37   |             |
|127 |    i    |   37   |      14     |
|128 |    ,    |   37   |             |
|129 |    i    |   37   |      16     |
|130 |    )    |   37   |             |
|131 |    ;    |   37   |             |
|132 |    ^    |   38   |             |
|133 |    ;    |   38   |             |
|134 |    o    |   39   |             |
|135 |    i    |   39   |      14     |
|136 |    ;    |   39   |             |
|137 |    o    |   40   |             |
|138 |    i    |   40   |      14     |
|139 |    ;    |   40   |             |
|140 |    ^    |   41   |             |
|141 |    ;    |   41   |             |
=============================  ТАБЛИЦА ИДЕНТИФИКАТОРОВ  ============================

|  N  |СТРОКА В ТЛ| ТИП ИДЕНТИФИКАТОРА |        ИМЯ        | ЗНАЧЕНИЕ (ПАРАМЕТРЫ)
|   0 |      2    |  number   function |               min | P0:NUMBER | P1:NUMBER |
|   1 |      5    |  number  parameter |              minx |
|   2 |      8    |  number  parameter |              miny |
|   3 |     13    |  number   variable |            minres |0
|   4 |     41    |   proc    function |           strings | P0:STRING | P1:STRING |
|   5 |     44    | string   parameter |          stringsa |
|   6 |     47    | string   parameter |          stringsb |
|   7 |     52    |  number   variable |          stringsk |0
|   8 |     56    |  number   LIB FUNC |            lenght | P0:STRING |
|   9 |     61    |  number    literal |             LTRL1 |5
|  10 |     64    | string     literal |             LTRL2 |[25]Lenght + 10001:          
|  11 |     73    | string    variable |        stringsstr |[0]
|  12 |     77    | string    LIB FUNC |           strcopy | P0:STRING |
|  13 |     83    | string     literal |             LTRL3 |[26]String copy11111:         
|  14 |     97    | string    variable |          mainstrx |[0]
|  15 |     99    | string     literal |             LTRL4 |[8]RSA-2023
|  16 |    115    | string    variable |          mainstry |[0]
|  17 |    117    | string     literal |             LTRL5 |[11]Test String
|  18 |    121    | string    variable |          mainstrz |[0]
|  19 |    123    | string     literal |             LTRL6 |[2]23

===================================================================================


====================  ЛЕКСЕМЫ, СООТВЕТСТВУЮЩИЕ ИСХОДНОМУ КОДУ =====================

  1 | tfi[0](ti[1],ti[2])
  2 | {
  3 | nti[3];
  4 | ?i[1]<i[2]#
  5 | w{i[3]=i[1];}
  6 | r{i[3]=i[2];}#
  7 | ei[3];
  8 | }
 10 | pfi[4](ti[5],ti[6])
 11 | {
 12 | nti[7];
 13 | i[7]=i[8](i[5])+l[9];
 14 | ol[10];
 15 | oi[7];
 16 | ^;
 18 | nti[11];
 19 | i[11]=i[12](i[6]);
 20 | ol[13];
 21 | oi[11];
 22 | ^;
 23 | e;
 24 | }
 27 | m
 28 | {
 29 | nti[14]=l[15];
 30 | ^;
 31 | oi[14];
 32 | ^;
 33 | oi[14];
 34 | ^;
 35 | nti[16]=l[17];
 36 | nti[18]=l[19];
 37 | i[4](i[14],i[16]);
 38 | ^;
 39 | oi[14];
 40 | oi[14];
 41 | ^;
===================================================================================

Шаг : Правило             Входная лента                 Стек                
0   : S->tfiPTS           tfi(ti,ti){nti;?i<i#w{i=i     S$                  
1   : SAVESTATE:          1
1   :                     tfi(ti,ti){nti;?i<i#w{i=i     tfiPTS$             
2   :                     fi(ti,ti){nti;?i<i#w{i=i;     fiPTS$              
3   :                     i(ti,ti){nti;?i<i#w{i=i;}     iPTS$               
4   :                     (ti,ti){nti;?i<i#w{i=i;}r     PTS$                
5   : P->(E)              (ti,ti){nti;?i<i#w{i=i;}r     PTS$                
6   : SAVESTATE:          2
6   :                     (ti,ti){nti;?i<i#w{i=i;}r     (E)TS$              
7   :                     ti,ti){nti;?i<i#w{i=i;}r{     E)TS$               
8   : E->ti,E             ti,ti){nti;?i<i#w{i=i;}r{     E)TS$               
9   : SAVESTATE:          3
9   :                     ti,ti){nti;?i<i#w{i=i;}r{     ti,E)TS$            
10  :                     i,ti){nti;?i<i#w{i=i;}r{i     i,E)TS$             
11  :                     ,ti){nti;?i<i#w{i=i;}r{i=     ,E)TS$              
12  :                     ti){nti;?i<i#w{i=i;}r{i=i     E)TS$               
13  : E->ti,E             ti){nti;?i<i#w{i=i;}r{i=i     E)TS$               
14  : SAVESTATE:          4
14  :                     ti){nti;?i<i#w{i=i;}r{i=i     ti,E)TS$            
15  :                     i){nti;?i<i#w{i=i;}r{i=i;     i,E)TS$             
16  :                     ){nti;?i<i#w{i=i;}r{i=i;}     ,E)TS$              
17  : TS_NOK/NS_NORULECHАIN
17  : RESSTATE            
17  :                     ti){nti;?i<i#w{i=i;}r{i=i     E)TS$               
18  : E->ti               ti){nti;?i<i#w{i=i;}r{i=i     E)TS$               
19  : SAVESTATE:          4
19  :                     ti){nti;?i<i#w{i=i;}r{i=i     ti)TS$              
20  :                     i){nti;?i<i#w{i=i;}r{i=i;     i)TS$               
21  :                     ){nti;?i<i#w{i=i;}r{i=i;}     )TS$                
22  :                     {nti;?i<i#w{i=i;}r{i=i;}#     TS$                 
23  : T->{eV;}            {nti;?i<i#w{i=i;}r{i=i;}#     TS$                 
24  : SAVESTATE:          5
24  :                     {nti;?i<i#w{i=i;}r{i=i;}#     {eV;}S$             
25  :                     nti;?i<i#w{i=i;}r{i=i;}#e     eV;}S$              
26  : TS_NOK/NS_NORULECHАIN
26  : RESSTATE            
26  :                     {nti;?i<i#w{i=i;}r{i=i;}#     TS$                 
27  : T->{KeV;}           {nti;?i<i#w{i=i;}r{i=i;}#     TS$                 
28  : SAVESTATE:          5
28  :                     {nti;?i<i#w{i=i;}r{i=i;}#     {KeV;}S$            
29  :                     nti;?i<i#w{i=i;}r{i=i;}#e     KeV;}S$             
30  : K->nti=V;K          nti;?i<i#w{i=i;}r{i=i;}#e     KeV;}S$             
31  : SAVESTATE:          6
31  :                     nti;?i<i#w{i=i;}r{i=i;}#e     nti=V;KeV;}S$       
32  :                     ti;?i<i#w{i=i;}r{i=i;}#ei     ti=V;KeV;}S$        
33  :                     i;?i<i#w{i=i;}r{i=i;}#ei;     i=V;KeV;}S$         
34  :                     ;?i<i#w{i=i;}r{i=i;}#ei;}     =V;KeV;}S$          
35  : TS_NOK/NS_NORULECHАIN
35  : RESSTATE            
35  :                     nti;?i<i#w{i=i;}r{i=i;}#e     KeV;}S$             
36  : K->nti;K            nti;?i<i#w{i=i;}r{i=i;}#e     KeV;}S$             
37  : SAVESTATE:          6
37  :                     nti;?i<i#w{i=i;}r{i=i;}#e     nti;KeV;}S$         
38  :                     ti;?i<i#w{i=i;}r{i=i;}#ei     ti;KeV;}S$          
39  :                     i;?i<i#w{i=i;}r{i=i;}#ei;     i;KeV;}S$           
40  :                     ;?i<i#w{i=i;}r{i=i;}#ei;}     ;KeV;}S$            
41  :                     ?i<i#w{i=i;}r{i=i;}#ei;}p     KeV;}S$             
42  : K->?Z#RK            ?i<i#w{i=i;}r{i=i;}#ei;}p     KeV;}S$             
43  : SAVESTATE:          7
43  :                     ?i<i#w{i=i;}r{i=i;}#ei;}p     ?Z#RKeV;}S$         
44  :                     i<i#w{i=i;}r{i=i;}#ei;}pf     Z#RKeV;}S$          
45  : Z->iLi              i<i#w{i=i;}r{i=i;}#ei;}pf     Z#RKeV;}S$          
46  : SAVESTATE:          8
46  :                     i<i#w{i=i;}r{i=i;}#ei;}pf     iLi#RKeV;}S$        
47  :                     <i#w{i=i;}r{i=i;}#ei;}pfi     Li#RKeV;}S$         
48  : L-><                <i#w{i=i;}r{i=i;}#ei;}pfi     Li#RKeV;}S$         
49  : SAVESTATE:          9
49  :                     <i#w{i=i;}r{i=i;}#ei;}pfi     <i#RKeV;}S$         
50  :                     i#w{i=i;}r{i=i;}#ei;}pfi(     i#RKeV;}S$          
51  :                     #w{i=i;}r{i=i;}#ei;}pfi(t     #RKeV;}S$           
52  :                     w{i=i;}r{i=i;}#ei;}pfi(ti     RKeV;}S$            
53  : R->wY#              w{i=i;}r{i=i;}#ei;}pfi(ti     RKeV;}S$            
54  : SAVESTATE:          10
54  :                     w{i=i;}r{i=i;}#ei;}pfi(ti     wY#KeV;}S$          
55  :                     {i=i;}r{i=i;}#ei;}pfi(ti,     Y#KeV;}S$           
56  : Y->{X}              {i=i;}r{i=i;}#ei;}pfi(ti,     Y#KeV;}S$           
57  : SAVESTATE:          11
57  :                     {i=i;}r{i=i;}#ei;}pfi(ti,     {X}#KeV;}S$         
58  :                     i=i;}r{i=i;}#ei;}pfi(ti,t     X}#KeV;}S$          
59  : X->i=W;X            i=i;}r{i=i;}#ei;}pfi(ti,t     X}#KeV;}S$          
60  : SAVESTATE:          12
60  :                     i=i;}r{i=i;}#ei;}pfi(ti,t     i=W;X}#KeV;}S$      
61  :                     =i;}r{i=i;}#ei;}pfi(ti,ti     =W;X}#KeV;}S$       
62  :                     i;}r{i=i;}#ei;}pfi(ti,ti)     W;X}#KeV;}S$        
63  : W->i                i;}r{i=i;}#ei;}pfi(ti,ti)     W;X}#KeV;}S$        
64  : SAVESTATE:          13
64  :                     i;}r{i=i;}#ei;}pfi(ti,ti)     i;X}#KeV;}S$        
65  :                     ;}r{i=i;}#ei;}pfi(ti,ti){     ;X}#KeV;}S$         
66  :                     }r{i=i;}#ei;}pfi(ti,ti){n     X}#KeV;}S$          
67  : TNS_NORULECHAIN/NS_NORULE
67  : RESSTATE            
67  :                     i;}r{i=i;}#ei;}pfi(ti,ti)     W;X}#KeV;}S$        
68  : W->iF               i;}r{i=i;}#ei;}pfi(ti,ti)     W;X}#KeV;}S$        
69  : SAVESTATE:          13
69  :                     i;}r{i=i;}#ei;}pfi(ti,ti)     iF;X}#KeV;}S$       
70  :                     ;}r{i=i;}#ei;}pfi(ti,ti){     F;X}#KeV;}S$        
71  : TNS_NORULECHAIN/NS_NORULE
71  : RESSTATE            
71  :                     i;}r{i=i;}#ei;}pfi(ti,ti)     W;X}#KeV;}S$        
72  : W->iAW              i;}r{i=i;}#ei;}pfi(ti,ti)     W;X}#KeV;}S$        
73  : SAVESTATE:          13
73  :                     i;}r{i=i;}#ei;}pfi(ti,ti)     iAW;X}#KeV;}S$      
74  :                     ;}r{i=i;}#ei;}pfi(ti,ti){     AW;X}#KeV;}S$       
75  : TNS_NORULECHAIN/NS_NORULE
75  : RESSTATE            
75  :                     i;}r{i=i;}#ei;}pfi(ti,ti)     W;X}#KeV;}S$        
76  : W->iFAW             i;}r{i=i;}#ei;}pfi(ti,ti)     W;X}#KeV;}S$        
77  : SAVESTATE:          13
77  :                     i;}r{i=i;}#ei;}pfi(ti,ti)     iFAW;X}#KeV;}S$     
78  :                     ;}r{i=i;}#ei;}pfi(ti,ti){     FAW;X}#KeV;}S$      
79  : TNS_NORULECHAIN/NS_NORULE
79  : RESSTATE            
79  :                     i;}r{i=i;}#ei;}pfi(ti,ti)     W;X}#KeV;}S$        
80  : TNS_NORULECHAIN/NS_NORULE
80  : RESSTATE            
80  :                     i=i;}r{i=i;}#ei;}pfi(ti,t     X}#KeV;}S$          
81  : X->iF;X             i=i;}r{i=i;}#ei;}pfi(ti,t     X}#KeV;}S$          
82  : SAVESTATE:          12
82  :                     i=i;}r{i=i;}#ei;}pfi(ti,t     iF;X}#KeV;}S$       
83  :                     =i;}r{i=i;}#ei;}pfi(ti,ti     F;X}#KeV;}S$        
84  : TNS_NORULECHAIN/NS_NORULE
84  : RESSTATE            
84  :                     i=i;}r{i=i;}#ei;}pfi(ti,t     X}#KeV;}S$          
85  : X->i=W;             i=i;}r{i=i;}#ei;}pfi(ti,t     X}#KeV;}S$          
86  : SAVESTATE:          12
86  :                     i=i;}r{i=i;}#ei;}pfi(ti,t     i=W;}#KeV;}S$       
87  :                     =i;}r{i=i;}#ei;}pfi(ti,ti     =W;}#KeV;}S$        
88  :                     i;}r{i=i;}#ei;}pfi(ti,ti)     W;}#KeV;}S$         
89  : W->i                i;}r{i=i;}#ei;}pfi(ti,ti)     W;}#KeV;}S$         
90  : SAVESTATE:          13
90  :                     i;}r{i=i;}#ei;}pfi(ti,ti)     i;}#KeV;}S$         
91  :                     ;}r{i=i;}#ei;}pfi(ti,ti){     ;}#KeV;}S$          
92  :                     }r{i=i;}#ei;}pfi(ti,ti){n     }#KeV;}S$           
93  :                     r{i=i;}#ei;}pfi(ti,ti){nt     #KeV;}S$            
94  : TS_NOK/NS_NORULECHАIN
94  : RESSTATE            
94  :                     i;}r{i=i;}#ei;}pfi(ti,ti)     W;}#KeV;}S$         
95  : W->iF               i;}r{i=i;}#ei;}pfi(ti,ti)     W;}#KeV;}S$         
96  : SAVESTATE:          13
96  :                     i;}r{i=i;}#ei;}pfi(ti,ti)     iF;}#KeV;}S$        
97  :                     ;}r{i=i;}#ei;}pfi(ti,ti){     F;}#KeV;}S$         
98  : TNS_NORULECHAIN/NS_NORULE
98  : RESSTATE            
98  :                     i;}r{i=i;}#ei;}pfi(ti,ti)     W;}#KeV;}S$         
99  : W->iAW              i;}r{i=i;}#ei;}pfi(ti,ti)     W;}#KeV;}S$         
100 : SAVESTATE:          13
100 :                     i;}r{i=i;}#ei;}pfi(ti,ti)     iAW;}#KeV;}S$       
101 :                     ;}r{i=i;}#ei;}pfi(ti,ti){     AW;}#KeV;}S$        
102 : TNS_NORULECHAIN/NS_NORULE
102 : RESSTATE            
102 :                     i;}r{i=i;}#ei;}pfi(ti,ti)     W;}#KeV;}S$         
103 : W->iFAW             i;}r{i=i;}#ei;}pfi(ti,ti)     W;}#KeV;}S$         
104 : SAVESTATE:          13
104 :                     i;}r{i=i;}#ei;}pfi(ti,ti)     iFAW;}#KeV;}S$      
105 :                     ;}r{i=i;}#ei;}pfi(ti,ti){     FAW;}#KeV;}S$       
106 : TNS_NORULECHAIN/NS_NORULE
106 : RESSTATE            
106 :                     i;}r{i=i;}#ei;}pfi(ti,ti)     W;}#KeV;}S$         
107 : TNS_NORULECHAIN/NS_NORULE
107 : RESSTATE            
107 :                     i=i;}r{i=i;}#ei;}pfi(ti,t     X}#KeV;}S$          
108 : X->iF;              i=i;}r{i=i;}#ei;}pfi(ti,t     X}#KeV;}S$          
109 : SAVESTATE:          12
109 :                     i=i;}r{i=i;}#ei;}pfi(ti,t     iF;}#KeV;}S$        
110 :                     =i;}r{i=i;}#ei;}pfi(ti,ti     F;}#KeV;}S$         
111 : TNS_NORULECHAIN/NS_NORULE
111 : RESSTATE            
111 :                     i=i;}r{i=i;}#ei;}pfi(ti,t     X}#KeV;}S$          
112 : TNS_NORULECHAIN/NS_NORULE
112 : RESSTATE            
112 :                     {i=i;}r{i=i;}#ei;}pfi(ti,     Y#KeV;}S$           
113 : TNS_NORULECHAIN/NS_NORULE
113 : RESSTATE            
113 :                     w{i=i;}r{i=i;}#ei;}pfi(ti     RKeV;}S$            
114 : R->wYrY#            w{i=i;}r{i=i;}#ei;}pfi(ti     RKeV;}S$            
115 : SAVESTATE:          10
115 :                     w{i=i;}r{i=i;}#ei;}pfi(ti     wYrY#KeV;}S$        
116 :                     {i=i;}r{i=i;}#ei;}pfi(ti,     YrY#KeV;}S$         
117 : Y->{X}              {i=i;}r{i=i;}#ei;}pfi(ti,     YrY#KeV;}S$         
118 : SAVESTATE:          11
118 :                     {i=i;}r{i=i;}#ei;}pfi(ti,     {X}rY#KeV;}S$       
119 :                     i=i;}r{i=i;}#ei;}pfi(ti,t     X}rY#KeV;}S$        
120 : X->i=W;X            i=i;}r{i=i;}#ei;}pfi(ti,t     X}rY#KeV;}S$        
121 : SAVESTATE:          12
121 :                     i=i;}r{i=i;}#ei;}pfi(ti,t     i=W;X}rY#KeV;}S$    
122 :                     =i;}r{i=i;}#ei;}pfi(ti,ti     =W;X}rY#KeV;}S$     
123 :                     i;}r{i=i;}#ei;}pfi(ti,ti)     W;X}rY#KeV;}S$      
124 : W->i                i;}r{i=i;}#ei;}pfi(ti,ti)     W;X}rY#KeV;}S$      
125 : SAVESTATE:          13
125 :                     i;}r{i=i;}#ei;}pfi(ti,ti)     i;X}rY#KeV;}S$      
126 :                     ;}r{i=i;}#ei;}pfi(ti,ti){     ;X}rY#KeV;}S$       
127 :                     }r{i=i;}#ei;}pfi(ti,ti){n     X}rY#KeV;}S$        
128 : TNS_NORULECHAIN/NS_NORULE
128 : RESSTATE            
128 :                     i;}r{i=i;}#ei;}pfi(ti,ti)     W;X}rY#KeV;}S$      
129 : W->iF               i;}r{i=i;}#ei;}pfi(ti,ti)     W;X}rY#KeV;}S$      
130 : SAVESTATE:          13
130 :                     i;}r{i=i;}#ei;}pfi(ti,ti)     iF;X}rY#KeV;}S$     
131 :                     ;}r{i=i;}#ei;}pfi(ti,ti){     F;X}rY#KeV;}S$      
132 : TNS_NORULECHAIN/NS_NORULE
132 : RESSTATE            
132 :                     i;}r{i=i;}#ei;}pfi(ti,ti)     W;X}rY#KeV;}S$      
133 : W->iAW              i;}r{i=i;}#ei;}pfi(ti,ti)     W;X}rY#KeV;}S$      
134 : SAVESTATE:          13
134 :                     i;}r{i=i;}#ei;}pfi(ti,ti)     iAW;X}rY#KeV;}S$    
135 :                     ;}r{i=i;}#ei;}pfi(ti,ti){     AW;X}rY#KeV;}S$     
136 : TNS_NORULECHAIN/NS_NORULE
136 : RESSTATE            
136 :                     i;}r{i=i;}#ei;}pfi(ti,ti)     W;X}rY#KeV;}S$      
137 : W->iFAW             i;}r{i=i;}#ei;}pfi(ti,ti)     W;X}rY#KeV;}S$      
138 : SAVESTATE:          13
138 :                     i;}r{i=i;}#ei;}pfi(ti,ti)     iFAW;X}rY#KeV;}S$   
139 :                     ;}r{i=i;}#ei;}pfi(ti,ti){     FAW;X}rY#KeV;}S$    
140 : TNS_NORULECHAIN/NS_NORULE
140 : RESSTATE            
140 :                     i;}r{i=i;}#ei;}pfi(ti,ti)     W;X}rY#KeV;}S$      
141 : TNS_NORULECHAIN/NS_NORULE
141 : RESSTATE            
141 :                     i=i;}r{i=i;}#ei;}pfi(ti,t     X}rY#KeV;}S$        
142 : X->iF;X             i=i;}r{i=i;}#ei;}pfi(ti,t     X}rY#KeV;}S$        
143 : SAVESTATE:          12
143 :                     i=i;}r{i=i;}#ei;}pfi(ti,t     iF;X}rY#KeV;}S$     
144 :                     =i;}r{i=i;}#ei;}pfi(ti,ti     F;X}rY#KeV;}S$      
145 : TNS_NORULECHAIN/NS_NORULE
145 : RESSTATE            
145 :                     i=i;}r{i=i;}#ei;}pfi(ti,t     X}rY#KeV;}S$        
146 : X->i=W;             i=i;}r{i=i;}#ei;}pfi(ti,t     X}rY#KeV;}S$        
147 : SAVESTATE:          12
147 :                     i=i;}r{i=i;}#ei;}pfi(ti,t     i=W;}rY#KeV;}S$     
148 :                     =i;}r{i=i;}#ei;}pfi(ti,ti     =W;}rY#KeV;}S$      
149 :                     i;}r{i=i;}#ei;}pfi(ti,ti)     W;}rY#KeV;}S$       
150 : W->i                i;}r{i=i;}#ei;}pfi(ti,ti)     W;}rY#KeV;}S$       
151 : SAVESTATE:          13
151 :                     i;}r{i=i;}#ei;}pfi(ti,ti)     i;}rY#KeV;}S$       
152 :                     ;}r{i=i;}#ei;}pfi(ti,ti){     ;}rY#KeV;}S$        
153 :                     }r{i=i;}#ei;}pfi(ti,ti){n     }rY#KeV;}S$         
154 :                     r{i=i;}#ei;}pfi(ti,ti){nt     rY#KeV;}S$          
155 :                     {i=i;}#ei;}pfi(ti,ti){nti     Y#KeV;}S$           
156 : Y->{X}              {i=i;}#ei;}pfi(ti,ti){nti     Y#KeV;}S$           
157 : SAVESTATE:          14
157 :                     {i=i;}#ei;}pfi(ti,ti){nti     {X}#KeV;}S$         
158 :                     i=i;}#ei;}pfi(ti,ti){nti;     X}#KeV;}S$          
159 : X->i=W;X            i=i;}#ei;}pfi(ti,ti){nti;     X}#KeV;}S$          
160 : SAVESTATE:          15
160 :                     i=i;}#ei;}pfi(ti,ti){nti;     i=W;X}#KeV;}S$      
161 :                     =i;}#ei;}pfi(ti,ti){nti;i     =W;X}#KeV;}S$       
162 :                     i;}#ei;}pfi(ti,ti){nti;i=     W;X}#KeV;}S$        
163 : W->i                i;}#ei;}pfi(ti,ti){nti;i=     W;X}#KeV;}S$        
164 : SAVESTATE:          16
164 :                     i;}#ei;}pfi(ti,ti){nti;i=     i;X}#KeV;}S$        
165 :                     ;}#ei;}pfi(ti,ti){nti;i=i     ;X}#KeV;}S$         
166 :                     }#ei;}pfi(ti,ti){nti;i=i(     X}#KeV;}S$          
167 : TNS_NORULECHAIN/NS_NORULE
167 : RESSTATE            
167 :                     i;}#ei;}pfi(ti,ti){nti;i=     W;X}#KeV;}S$        
168 : W->iF               i;}#ei;}pfi(ti,ti){nti;i=     W;X}#KeV;}S$        
169 : SAVESTATE:          16
169 :                     i;}#ei;}pfi(ti,ti){nti;i=     iF;X}#KeV;}S$       
170 :                     ;}#ei;}pfi(ti,ti){nti;i=i     F;X}#KeV;}S$        
171 : TNS_NORULECHAIN/NS_NORULE
171 : RESSTATE            
171 :                     i;}#ei;}pfi(ti,ti){nti;i=     W;X}#KeV;}S$        
172 : W->iAW              i;}#ei;}pfi(ti,ti){nti;i=     W;X}#KeV;}S$        
173 : SAVESTATE:          16
173 :                     i;}#ei;}pfi(ti,ti){nti;i=     iAW;X}#KeV;}S$      
174 :                     ;}#ei;}pfi(ti,ti){nti;i=i     AW;X}#KeV;}S$       
175 : TNS_NORULECHAIN/NS_NORULE
175 : RESSTATE            
175 :                     i;}#ei;}pfi(ti,ti){nti;i=     W;X}#KeV;}S$        
176 : W->iFAW             i;}#ei;}pfi(ti,ti){nti;i=     W;X}#KeV;}S$        
177 : SAVESTATE:          16
177 :                     i;}#ei;}pfi(ti,ti){nti;i=     iFAW;X}#KeV;}S$     
178 :                     ;}#ei;}pfi(ti,ti){nti;i=i     FAW;X}#KeV;}S$      
179 : TNS_NORULECHAIN/NS_NORULE
179 : RESSTATE            
179 :                     i;}#ei;}pfi(ti,ti){nti;i=     W;X}#KeV;}S$        
180 : TNS_NORULECHAIN/NS_NORULE
180 : RESSTATE            
180 :                     i=i;}#ei;}pfi(ti,ti){nti;     X}#KeV;}S$          
181 : X->iF;X             i=i;}#ei;}pfi(ti,ti){nti;     X}#KeV;}S$          
182 : SAVESTATE:          15
182 :                     i=i;}#ei;}pfi(ti,ti){nti;     iF;X}#KeV;}S$       
183 :                     =i;}#ei;}pfi(ti,ti){nti;i     F;X}#KeV;}S$        
184 : TNS_NORULECHAIN/NS_NORULE
184 : RESSTATE            
184 :                     i=i;}#ei;}pfi(ti,ti){nti;     X}#KeV;}S$          
185 : X->i=W;             i=i;}#ei;}pfi(ti,ti){nti;     X}#KeV;}S$          
186 : SAVESTATE:          15
186 :                     i=i;}#ei;}pfi(ti,ti){nti;     i=W;}#KeV;}S$       
187 :                     =i;}#ei;}pfi(ti,ti){nti;i     =W;}#KeV;}S$        
188 :                     i;}#ei;}pfi(ti,ti){nti;i=     W;}#KeV;}S$         
189 : W->i                i;}#ei;}pfi(ti,ti){nti;i=     W;}#KeV;}S$         
190 : SAVESTATE:          16
190 :                     i;}#ei;}pfi(ti,ti){nti;i=     i;}#KeV;}S$         
191 :                     ;}#ei;}pfi(ti,ti){nti;i=i     ;}#KeV;}S$          
192 :                     }#ei;}pfi(ti,ti){nti;i=i(     }#KeV;}S$           
193 :                     #ei;}pfi(ti,ti){nti;i=i(i     #KeV;}S$            
194 :                     ei;}pfi(ti,ti){nti;i=i(i)     KeV;}S$             
195 : TNS_NORULECHAIN/NS_NORULE
195 : RESSTATE            
195 :                     i;}#ei;}pfi(ti,ti){nti;i=     W;}#KeV;}S$         
196 : W->iF               i;}#ei;}pfi(ti,ti){nti;i=     W;}#KeV;}S$         
197 : SAVESTATE:          16
197 :                     i;}#ei;}pfi(ti,ti){nti;i=     iF;}#KeV;}S$        
198 :                     ;}#ei;}pfi(ti,ti){nti;i=i     F;}#KeV;}S$         
199 : TNS_NORULECHAIN/NS_NORULE
199 : RESSTATE            
199 :                     i;}#ei;}pfi(ti,ti){nti;i=     W;}#KeV;}S$         
200 : W->iAW              i;}#ei;}pfi(ti,ti){nti;i=     W;}#KeV;}S$         
201 : SAVESTATE:          16
201 :                     i;}#ei;}pfi(ti,ti){nti;i=     iAW;}#KeV;}S$       
202 :                     ;}#ei;}pfi(ti,ti){nti;i=i     AW;}#KeV;}S$        
203 : TNS_NORULECHAIN/NS_NORULE
203 : RESSTATE            
203 :                     i;}#ei;}pfi(ti,ti){nti;i=     W;}#KeV;}S$         
204 : W->iFAW             i;}#ei;}pfi(ti,ti){nti;i=     W;}#KeV;}S$         
205 : SAVESTATE:          16
205 :                     i;}#ei;}pfi(ti,ti){nti;i=     iFAW;}#KeV;}S$      
206 :                     ;}#ei;}pfi(ti,ti){nti;i=i     FAW;}#KeV;}S$       
207 : TNS_NORULECHAIN/NS_NORULE
207 : RESSTATE            
207 :                     i;}#ei;}pfi(ti,ti){nti;i=     W;}#KeV;}S$         
208 : TNS_NORULECHAIN/NS_NORULE
208 : RESSTATE            
208 :                     i=i;}#ei;}pfi(ti,ti){nti;     X}#KeV;}S$          
209 : X->iF;              i=i;}#ei;}pfi(ti,ti){nti;     X}#KeV;}S$          
210 : SAVESTATE:          15
210 :                     i=i;}#ei;}pfi(ti,ti){nti;     iF;}#KeV;}S$        
211 :                     =i;}#ei;}pfi(ti,ti){nti;i     F;}#KeV;}S$         
212 : TNS_NORULECHAIN/NS_NORULE
212 : RESSTATE            
212 :                     i=i;}#ei;}pfi(ti,ti){nti;     X}#KeV;}S$          
213 : TNS_NORULECHAIN/NS_NORULE
213 : RESSTATE            
213 :                     {i=i;}#ei;}pfi(ti,ti){nti     Y#KeV;}S$           
214 : TNS_NORULECHAIN/NS_NORULE
214 : RESSTATE            
214 :                     i;}r{i=i;}#ei;}pfi(ti,ti)     W;}rY#KeV;}S$       
215 : W->iF               i;}r{i=i;}#ei;}pfi(ti,ti)     W;}rY#KeV;}S$       
216 : SAVESTATE:          13
216 :                     i;}r{i=i;}#ei;}pfi(ti,ti)     iF;}rY#KeV;}S$      
217 :                     ;}r{i=i;}#ei;}pfi(ti,ti){     F;}rY#KeV;}S$       
218 : TNS_NORULECHAIN/NS_NORULE
218 : RESSTATE            
218 :                     i;}r{i=i;}#ei;}pfi(ti,ti)     W;}rY#KeV;}S$       
219 : W->iAW              i;}r{i=i;}#ei;}pfi(ti,ti)     W;}rY#KeV;}S$       
220 : SAVESTATE:          13
220 :                     i;}r{i=i;}#ei;}pfi(ti,ti)     iAW;}rY#KeV;}S$     
221 :                     ;}r{i=i;}#ei;}pfi(ti,ti){     AW;}rY#KeV;}S$      
222 : TNS_NORULECHAIN/NS_NORULE
222 : RESSTATE            
222 :                     i;}r{i=i;}#ei;}pfi(ti,ti)     W;}rY#KeV;}S$       
223 : W->iFAW             i;}r{i=i;}#ei;}pfi(ti,ti)     W;}rY#KeV;}S$       
224 : SAVESTATE:          13
224 :                     i;}r{i=i;}#ei;}pfi(ti,ti)     iFAW;}rY#KeV;}S$    
225 :                     ;}r{i=i;}#ei;}pfi(ti,ti){     FAW;}rY#KeV;}S$     
226 : TNS_NORULECHAIN/NS_NORULE
226 : RESSTATE            
226 :                     i;}r{i=i;}#ei;}pfi(ti,ti)     W;}rY#KeV;}S$       
227 : TNS_NORULECHAIN/NS_NORULE
227 : RESSTATE            
227 :                     i=i;}r{i=i;}#ei;}pfi(ti,t     X}rY#KeV;}S$        
228 : X->iF;              i=i;}r{i=i;}#ei;}pfi(ti,t     X}rY#KeV;}S$        
229 : SAVESTATE:          12
229 :                     i=i;}r{i=i;}#ei;}pfi(ti,t     iF;}rY#KeV;}S$      
230 :                     =i;}r{i=i;}#ei;}pfi(ti,ti     F;}rY#KeV;}S$       
231 : TNS_NORULECHAIN/NS_NORULE
231 : RESSTATE            
231 :                     i=i;}r{i=i;}#ei;}pfi(ti,t     X}rY#KeV;}S$        
232 : TNS_NORULECHAIN/NS_NORULE
232 : RESSTATE            
232 :                     {i=i;}r{i=i;}#ei;}pfi(ti,     YrY#KeV;}S$         
233 : TNS_NORULECHAIN/NS_NORULE
233 : RESSTATE            
233 :                     w{i=i;}r{i=i;}#ei;}pfi(ti     RKeV;}S$            
234 : TNS_NORULECHAIN/NS_NORULE
234 : RESSTATE            
234 :                     <i#w{i=i;}r{i=i;}#ei;}pfi     Li#RKeV;}S$         
235 : TNS_NORULECHAIN/NS_NORULE
235 : RESSTATE            
235 :                     i<i#w{i=i;}r{i=i;}#ei;}pf     Z#RKeV;}S$          
236 : Z->iLl              i<i#w{i=i;}r{i=i;}#ei;}pf     Z#RKeV;}S$          
237 : SAVESTATE:          8
237 :                     i<i#w{i=i;}r{i=i;}#ei;}pf     iLl#RKeV;}S$        
238 :                     <i#w{i=i;}r{i=i;}#ei;}pfi     Ll#RKeV;}S$         
239 : L-><                <i#w{i=i;}r{i=i;}#ei;}pfi     Ll#RKeV;}S$         
240 : SAVESTATE:          9
240 :                     <i#w{i=i;}r{i=i;}#ei;}pfi     <l#RKeV;}S$         
241 :                     i#w{i=i;}r{i=i;}#ei;}pfi(     l#RKeV;}S$          
242 : TS_NOK/NS_NORULECHАIN
242 : RESSTATE            
242 :                     <i#w{i=i;}r{i=i;}#ei;}pfi     Ll#RKeV;}S$         
243 : TNS_NORULECHAIN/NS_NORULE
243 : RESSTATE            
243 :                     i<i#w{i=i;}r{i=i;}#ei;}pf     Z#RKeV;}S$          
244 : TNS_NORULECHAIN/NS_NORULE
244 : RESSTATE            
244 :                     ?i<i#w{i=i;}r{i=i;}#ei;}p     KeV;}S$             
245 : K->?Z#R             ?i<i#w{i=i;}r{i=i;}#ei;}p     KeV;}S$             
246 : SAVESTATE:          7
246 :                     ?i<i#w{i=i;}r{i=i;}#ei;}p     ?Z#ReV;}S$          
247 :                     i<i#w{i=i;}r{i=i;}#ei;}pf     Z#ReV;}S$           
248 : Z->iLi              i<i#w{i=i;}r{i=i;}#ei;}pf     Z#ReV;}S$           
249 : SAVESTATE:          8
249 :                     i<i#w{i=i;}r{i=i;}#ei;}pf     iLi#ReV;}S$         
250 :                     <i#w{i=i;}r{i=i;}#ei;}pfi     Li#ReV;}S$          
251 : L-><                <i#w{i=i;}r{i=i;}#ei;}pfi     Li#ReV;}S$          
252 : SAVESTATE:          9
252 :                     <i#w{i=i;}r{i=i;}#ei;}pfi     <i#ReV;}S$          
253 :                     i#w{i=i;}r{i=i;}#ei;}pfi(     i#ReV;}S$           
254 :                     #w{i=i;}r{i=i;}#ei;}pfi(t     #ReV;}S$            
255 :                     w{i=i;}r{i=i;}#ei;}pfi(ti     ReV;}S$             
256 : R->wY#              w{i=i;}r{i=i;}#ei;}pfi(ti     ReV;}S$             
257 : SAVESTATE:          10
257 :                     w{i=i;}r{i=i;}#ei;}pfi(ti     wY#eV;}S$           
258 :                     {i=i;}r{i=i;}#ei;}pfi(ti,     Y#eV;}S$            
259 : Y->{X}              {i=i;}r{i=i;}#ei;}pfi(ti,     Y#eV;}S$            
260 : SAVESTATE:          11
260 :                     {i=i;}r{i=i;}#ei;}pfi(ti,     {X}#eV;}S$          
261 :                     i=i;}r{i=i;}#ei;}pfi(ti,t     X}#eV;}S$           
262 : X->i=W;X            i=i;}r{i=i;}#ei;}pfi(ti,t     X}#eV;}S$           
263 : SAVESTATE:          12
263 :                     i=i;}r{i=i;}#ei;}pfi(ti,t     i=W;X}#eV;}S$       
264 :                     =i;}r{i=i;}#ei;}pfi(ti,ti     =W;X}#eV;}S$        
265 :                     i;}r{i=i;}#ei;}pfi(ti,ti)     W;X}#eV;}S$         
266 : W->i                i;}r{i=i;}#ei;}pfi(ti,ti)     W;X}#eV;}S$         
267 : SAVESTATE:          13
267 :                     i;}r{i=i;}#ei;}pfi(ti,ti)     i;X}#eV;}S$         
268 :                     ;}r{i=i;}#ei;}pfi(ti,ti){     ;X}#eV;}S$          
269 :                     }r{i=i;}#ei;}pfi(ti,ti){n     X}#eV;}S$           
270 : TNS_NORULECHAIN/NS_NORULE
270 : RESSTATE            
270 :                     i;}r{i=i;}#ei;}pfi(ti,ti)     W;X}#eV;}S$         
271 : W->iF               i;}r{i=i;}#ei;}pfi(ti,ti)     W;X}#eV;}S$         
272 : SAVESTATE:          13
272 :                     i;}r{i=i;}#ei;}pfi(ti,ti)     iF;X}#eV;}S$        
273 :                     ;}r{i=i;}#ei;}pfi(ti,ti){     F;X}#eV;}S$         
274 : TNS_NORULECHAIN/NS_NORULE
274 : RESSTATE            
274 :                     i;}r{i=i;}#ei;}pfi(ti,ti)     W;X}#eV;}S$         
275 : W->iAW              i;}r{i=i;}#ei;}pfi(ti,ti)     W;X}#eV;}S$         
276 : SAVESTATE:          13
276 :                     i;}r{i=i;}#ei;}pfi(ti,ti)     iAW;X}#eV;}S$       
277 :                     ;}r{i=i;}#ei;}pfi(ti,ti){     AW;X}#eV;}S$        
278 : TNS_NORULECHAIN/NS_NORULE
278 : RESSTATE            
278 :                     i;}r{i=i;}#ei;}pfi(ti,ti)     W;X}#eV;}S$         
279 : W->iFAW             i;}r{i=i;}#ei;}pfi(ti,ti)     W;X}#eV;}S$         
280 : SAVESTATE:          13
280 :                     i;}r{i=i;}#ei;}pfi(ti,ti)     iFAW;X}#eV;}S$      
281 :                     ;}r{i=i;}#ei;}pfi(ti,ti){     FAW;X}#eV;}S$       
282 : TNS_NORULECHAIN/NS_NORULE
282 : RESSTATE            
282 :                     i;}r{i=i;}#ei;}pfi(ti,ti)     W;X}#eV;}S$         
283 : TNS_NORULECHAIN/NS_NORULE
283 : RESSTATE            
283 :                     i=i;}r{i=i;}#ei;}pfi(ti,t     X}#eV;}S$           
284 : X->iF;X             i=i;}r{i=i;}#ei;}pfi(ti,t     X}#eV;}S$           
285 : SAVESTATE:          12
285 :                     i=i;}r{i=i;}#ei;}pfi(ti,t     iF;X}#eV;}S$        
286 :                     =i;}r{i=i;}#ei;}pfi(ti,ti     F;X}#eV;}S$         
287 : TNS_NORULECHAIN/NS_NORULE
287 : RESSTATE            
287 :                     i=i;}r{i=i;}#ei;}pfi(ti,t     X}#eV;}S$           
288 : X->i=W;             i=i;}r{i=i;}#ei;}pfi(ti,t     X}#eV;}S$           
289 : SAVESTATE:          12
289 :                     i=i;}r{i=i;}#ei;}pfi(ti,t     i=W;}#eV;}S$        
290 :                     =i;}r{i=i;}#ei;}pfi(ti,ti     =W;}#eV;}S$         
291 :                     i;}r{i=i;}#ei;}pfi(ti,ti)     W;}#eV;}S$          
292 : W->i                i;}r{i=i;}#ei;}pfi(ti,ti)     W;}#eV;}S$          
293 : SAVESTATE:          13
293 :                     i;}r{i=i;}#ei;}pfi(ti,ti)     i;}#eV;}S$          
294 :                     ;}r{i=i;}#ei;}pfi(ti,ti){     ;}#eV;}S$           
295 :                     }r{i=i;}#ei;}pfi(ti,ti){n     }#eV;}S$            
296 :                     r{i=i;}#ei;}pfi(ti,ti){nt     #eV;}S$             
297 : TS_NOK/NS_NORULECHАIN
297 : RESSTATE            
297 :                     i;}r{i=i;}#ei;}pfi(ti,ti)     W;}#eV;}S$          
298 : W->iF               i;}r{i=i;}#ei;}pfi(ti,ti)     W;}#eV;}S$          
299 : SAVESTATE:          13
299 :                     i;}r{i=i;}#ei;}pfi(ti,ti)     iF;}#eV;}S$         
300 :                     ;}r{i=i;}#ei;}pfi(ti,ti){     F;}#eV;}S$          
301 : TNS_NORULECHAIN/NS_NORULE
301 : RESSTATE            
301 :                     i;}r{i=i;}#ei;}pfi(ti,ti)     W;}#eV;}S$          
302 : W->iAW              i;}r{i=i;}#ei;}pfi(ti,ti)     W;}#eV;}S$          
303 : SAVESTATE:          13
303 :                     i;}r{i=i;}#ei;}pfi(ti,ti)     iAW;}#eV;}S$        
304 :                     ;}r{i=i;}#ei;}pfi(ti,ti){     AW;}#eV;}S$         
305 : TNS_NORULECHAIN/NS_NORULE
305 : RESSTATE            
305 :                     i;}r{i=i;}#ei;}pfi(ti,ti)     W;}#eV;}S$          
306 : W->iFAW             i;}r{i=i;}#ei;}pfi(ti,ti)     W;}#eV;}S$          
307 : SAVESTATE:          13
307 :                     i;}r{i=i;}#ei;}pfi(ti,ti)     iFAW;}#eV;}S$       
308 :                     ;}r{i=i;}#ei;}pfi(ti,ti){     FAW;}#eV;}S$        
309 : TNS_NORULECHAIN/NS_NORULE
309 : RESSTATE            
309 :                     i;}r{i=i;}#ei;}pfi(ti,ti)     W;}#eV;}S$          
310 : TNS_NORULECHAIN/NS_NORULE
310 : RESSTATE            
310 :                     i=i;}r{i=i;}#ei;}pfi(ti,t     X}#eV;}S$           
311 : X->iF;              i=i;}r{i=i;}#ei;}pfi(ti,t     X}#eV;}S$           
312 : SAVESTATE:          12
312 :                     i=i;}r{i=i;}#ei;}pfi(ti,t     iF;}#eV;}S$         
313 :                     =i;}r{i=i;}#ei;}pfi(ti,ti     F;}#eV;}S$          
314 : TNS_NORULECHAIN/NS_NORULE
314 : RESSTATE            
314 :                     i=i;}r{i=i;}#ei;}pfi(ti,t     X}#eV;}S$           
315 : TNS_NORULECHAIN/NS_NORULE
315 : RESSTATE            
315 :                     {i=i;}r{i=i;}#ei;}pfi(ti,     Y#eV;}S$            
316 : TNS_NORULECHAIN/NS_NORULE
316 : RESSTATE            
316 :                     w{i=i;}r{i=i;}#ei;}pfi(ti     ReV;}S$             
317 : R->wYrY#            w{i=i;}r{i=i;}#ei;}pfi(ti     ReV;}S$             
318 : SAVESTATE:          10
318 :                     w{i=i;}r{i=i;}#ei;}pfi(ti     wYrY#eV;}S$         
319 :                     {i=i;}r{i=i;}#ei;}pfi(ti,     YrY#eV;}S$          
320 : Y->{X}              {i=i;}r{i=i;}#ei;}pfi(ti,     YrY#eV;}S$          
321 : SAVESTATE:          11
321 :                     {i=i;}r{i=i;}#ei;}pfi(ti,     {X}rY#eV;}S$        
322 :                     i=i;}r{i=i;}#ei;}pfi(ti,t     X}rY#eV;}S$         
323 : X->i=W;X            i=i;}r{i=i;}#ei;}pfi(ti,t     X}rY#eV;}S$         
324 : SAVESTATE:          12
324 :                     i=i;}r{i=i;}#ei;}pfi(ti,t     i=W;X}rY#eV;}S$     
325 :                     =i;}r{i=i;}#ei;}pfi(ti,ti     =W;X}rY#eV;}S$      
326 :                     i;}r{i=i;}#ei;}pfi(ti,ti)     W;X}rY#eV;}S$       
327 : W->i                i;}r{i=i;}#ei;}pfi(ti,ti)     W;X}rY#eV;}S$       
328 : SAVESTATE:          13
328 :                     i;}r{i=i;}#ei;}pfi(ti,ti)     i;X}rY#eV;}S$       
329 :                     ;}r{i=i;}#ei;}pfi(ti,ti){     ;X}rY#eV;}S$        
330 :                     }r{i=i;}#ei;}pfi(ti,ti){n     X}rY#eV;}S$         
331 : TNS_NORULECHAIN/NS_NORULE
331 : RESSTATE            
331 :                     i;}r{i=i;}#ei;}pfi(ti,ti)     W;X}rY#eV;}S$       
332 : W->iF               i;}r{i=i;}#ei;}pfi(ti,ti)     W;X}rY#eV;}S$       
333 : SAVESTATE:          13
333 :                     i;}r{i=i;}#ei;}pfi(ti,ti)     iF;X}rY#eV;}S$      
334 :                     ;}r{i=i;}#ei;}pfi(ti,ti){     F;X}rY#eV;}S$       
335 : TNS_NORULECHAIN/NS_NORULE
335 : RESSTATE            
335 :                     i;}r{i=i;}#ei;}pfi(ti,ti)     W;X}rY#eV;}S$       
336 : W->iAW              i;}r{i=i;}#ei;}pfi(ti,ti)     W;X}rY#eV;}S$       
337 : SAVESTATE:          13
337 :                     i;}r{i=i;}#ei;}pfi(ti,ti)     iAW;X}rY#eV;}S$     
338 :                     ;}r{i=i;}#ei;}pfi(ti,ti){     AW;X}rY#eV;}S$      
339 : TNS_NORULECHAIN/NS_NORULE
339 : RESSTATE            
339 :                     i;}r{i=i;}#ei;}pfi(ti,ti)     W;X}rY#eV;}S$       
340 : W->iFAW             i;}r{i=i;}#ei;}pfi(ti,ti)     W;X}rY#eV;}S$       
341 : SAVESTATE:          13
341 :                     i;}r{i=i;}#ei;}pfi(ti,ti)     iFAW;X}rY#eV;}S$    
342 :                     ;}r{i=i;}#ei;}pfi(ti,ti){     FAW;X}rY#eV;}S$     
343 : TNS_NORULECHAIN/NS_NORULE
343 : RESSTATE            
343 :                     i;}r{i=i;}#ei;}pfi(ti,ti)     W;X}rY#eV;}S$       
344 : TNS_NORULECHAIN/NS_NORULE
344 : RESSTATE            
344 :                     i=i;}r{i=i;}#ei;}pfi(ti,t     X}rY#eV;}S$         
345 : X->iF;X             i=i;}r{i=i;}#ei;}pfi(ti,t     X}rY#eV;}S$         
346 : SAVESTATE:          12
346 :                     i=i;}r{i=i;}#ei;}pfi(ti,t     iF;X}rY#eV;}S$      
347 :                     =i;}r{i=i;}#ei;}pfi(ti,ti     F;X}rY#eV;}S$       
348 : TNS_NORULECHAIN/NS_NORULE
348 : RESSTATE            
348 :                     i=i;}r{i=i;}#ei;}pfi(ti,t     X}rY#eV;}S$         
349 : X->i=W;             i=i;}r{i=i;}#ei;}pfi(ti,t     X}rY#eV;}S$         
350 : SAVESTATE:          12
350 :                     i=i;}r{i=i;}#ei;}pfi(ti,t     i=W;}rY#eV;}S$      
351 :                     =i;}r{i=i;}#ei;}pfi(ti,ti     =W;}rY#eV;}S$       
352 :                     i;}r{i=i;}#ei;}pfi(ti,ti)     W;}rY#eV;}S$        
353 : W->i                i;}r{i=i;}#ei;}pfi(ti,ti)     W;}rY#eV;}S$        
354 : SAVESTATE:          13
354 :                     i;}r{i=i;}#ei;}pfi(ti,ti)     i;}rY#eV;}S$        
355 :                     ;}r{i=i;}#ei;}pfi(ti,ti){     ;}rY#eV;}S$         
356 :                     }r{i=i;}#ei;}pfi(ti,ti){n     }rY#eV;}S$          
357 :                     r{i=i;}#ei;}pfi(ti,ti){nt     rY#eV;}S$           
358 :                     {i=i;}#ei;}pfi(ti,ti){nti     Y#eV;}S$            
359 : Y->{X}              {i=i;}#ei;}pfi(ti,ti){nti     Y#eV;}S$            
360 : SAVESTATE:          14
360 :                     {i=i;}#ei;}pfi(ti,ti){nti     {X}#eV;}S$          
361 :                     i=i;}#ei;}pfi(ti,ti){nti;     X}#eV;}S$           
362 : X->i=W;X            i=i;}#ei;}pfi(ti,ti){nti;     X}#eV;}S$           
363 : SAVESTATE:          15
363 :                     i=i;}#ei;}pfi(ti,ti){nti;     i=W;X}#eV;}S$       
364 :                     =i;}#ei;}pfi(ti,ti){nti;i     =W;X}#eV;}S$        
365 :                     i;}#ei;}pfi(ti,ti){nti;i=     W;X}#eV;}S$         
366 : W->i                i;}#ei;}pfi(ti,ti){nti;i=     W;X}#eV;}S$         
367 : SAVESTATE:          16
367 :                     i;}#ei;}pfi(ti,ti){nti;i=     i;X}#eV;}S$         
368 :                     ;}#ei;}pfi(ti,ti){nti;i=i     ;X}#eV;}S$          
369 :                     }#ei;}pfi(ti,ti){nti;i=i(     X}#eV;}S$           
370 : TNS_NORULECHAIN/NS_NORULE
370 : RESSTATE            
370 :                     i;}#ei;}pfi(ti,ti){nti;i=     W;X}#eV;}S$         
371 : W->iF               i;}#ei;}pfi(ti,ti){nti;i=     W;X}#eV;}S$         
372 : SAVESTATE:          16
372 :                     i;}#ei;}pfi(ti,ti){nti;i=     iF;X}#eV;}S$        
373 :                     ;}#ei;}pfi(ti,ti){nti;i=i     F;X}#eV;}S$         
374 : TNS_NORULECHAIN/NS_NORULE
374 : RESSTATE            
374 :                     i;}#ei;}pfi(ti,ti){nti;i=     W;X}#eV;}S$         
375 : W->iAW              i;}#ei;}pfi(ti,ti){nti;i=     W;X}#eV;}S$         
376 : SAVESTATE:          16
376 :                     i;}#ei;}pfi(ti,ti){nti;i=     iAW;X}#eV;}S$       
377 :                     ;}#ei;}pfi(ti,ti){nti;i=i     AW;X}#eV;}S$        
378 : TNS_NORULECHAIN/NS_NORULE
378 : RESSTATE            
378 :                     i;}#ei;}pfi(ti,ti){nti;i=     W;X}#eV;}S$         
379 : W->iFAW             i;}#ei;}pfi(ti,ti){nti;i=     W;X}#eV;}S$         
380 : SAVESTATE:          16
380 :                     i;}#ei;}pfi(ti,ti){nti;i=     iFAW;X}#eV;}S$      
381 :                     ;}#ei;}pfi(ti,ti){nti;i=i     FAW;X}#eV;}S$       
382 : TNS_NORULECHAIN/NS_NORULE
382 : RESSTATE            
382 :                     i;}#ei;}pfi(ti,ti){nti;i=     W;X}#eV;}S$         
383 : TNS_NORULECHAIN/NS_NORULE
383 : RESSTATE            
383 :                     i=i;}#ei;}pfi(ti,ti){nti;     X}#eV;}S$           
384 : X->iF;X             i=i;}#ei;}pfi(ti,ti){nti;     X}#eV;}S$           
385 : SAVESTATE:          15
385 :                     i=i;}#ei;}pfi(ti,ti){nti;     iF;X}#eV;}S$        
386 :                     =i;}#ei;}pfi(ti,ti){nti;i     F;X}#eV;}S$         
387 : TNS_NORULECHAIN/NS_NORULE
387 : RESSTATE            
387 :                     i=i;}#ei;}pfi(ti,ti){nti;     X}#eV;}S$           
388 : X->i=W;             i=i;}#ei;}pfi(ti,ti){nti;     X}#eV;}S$           
389 : SAVESTATE:          15
389 :                     i=i;}#ei;}pfi(ti,ti){nti;     i=W;}#eV;}S$        
390 :                     =i;}#ei;}pfi(ti,ti){nti;i     =W;}#eV;}S$         
391 :                     i;}#ei;}pfi(ti,ti){nti;i=     W;}#eV;}S$          
392 : W->i                i;}#ei;}pfi(ti,ti){nti;i=     W;}#eV;}S$          
393 : SAVESTATE:          16
393 :                     i;}#ei;}pfi(ti,ti){nti;i=     i;}#eV;}S$          
394 :                     ;}#ei;}pfi(ti,ti){nti;i=i     ;}#eV;}S$           
395 :                     }#ei;}pfi(ti,ti){nti;i=i(     }#eV;}S$            
396 :                     #ei;}pfi(ti,ti){nti;i=i(i     #eV;}S$             
397 :                     ei;}pfi(ti,ti){nti;i=i(i)     eV;}S$              
398 :                     i;}pfi(ti,ti){nti;i=i(i)+     V;}S$               
399 : V->i                i;}pfi(ti,ti){nti;i=i(i)+     V;}S$               
400 : SAVESTATE:          17
400 :                     i;}pfi(ti,ti){nti;i=i(i)+     i;}S$               
401 :                     ;}pfi(ti,ti){nti;i=i(i)+l     ;}S$                
402 :                     }pfi(ti,ti){nti;i=i(i)+l;     }S$                 
403 :                     pfi(ti,ti){nti;i=i(i)+l;o     S$                  
404 : S->pfiPGS           pfi(ti,ti){nti;i=i(i)+l;o     S$                  
405 : SAVESTATE:          18
405 :                     pfi(ti,ti){nti;i=i(i)+l;o     pfiPGS$             
406 :                     fi(ti,ti){nti;i=i(i)+l;ol     fiPGS$              
407 :                     i(ti,ti){nti;i=i(i)+l;ol;     iPGS$               
408 :                     (ti,ti){nti;i=i(i)+l;ol;o     PGS$                
409 : P->(E)              (ti,ti){nti;i=i(i)+l;ol;o     PGS$                
410 : SAVESTATE:          19
410 :                     (ti,ti){nti;i=i(i)+l;ol;o     (E)GS$              
411 :                     ti,ti){nti;i=i(i)+l;ol;oi     E)GS$               
412 : E->ti,E             ti,ti){nti;i=i(i)+l;ol;oi     E)GS$               
413 : SAVESTATE:          20
413 :                     ti,ti){nti;i=i(i)+l;ol;oi     ti,E)GS$            
414 :                     i,ti){nti;i=i(i)+l;ol;oi;     i,E)GS$             
415 :                     ,ti){nti;i=i(i)+l;ol;oi;^     ,E)GS$              
416 :                     ti){nti;i=i(i)+l;ol;oi;^;     E)GS$               
417 : E->ti,E             ti){nti;i=i(i)+l;ol;oi;^;     E)GS$               
418 : SAVESTATE:          21
418 :                     ti){nti;i=i(i)+l;ol;oi;^;     ti,E)GS$            
419 :                     i){nti;i=i(i)+l;ol;oi;^;n     i,E)GS$             
420 :                     ){nti;i=i(i)+l;ol;oi;^;nt     ,E)GS$              
421 : TS_NOK/NS_NORULECHАIN
421 : RESSTATE            
421 :                     ti){nti;i=i(i)+l;ol;oi;^;     E)GS$               
422 : E->ti               ti){nti;i=i(i)+l;ol;oi;^;     E)GS$               
423 : SAVESTATE:          21
423 :                     ti){nti;i=i(i)+l;ol;oi;^;     ti)GS$              
424 :                     i){nti;i=i(i)+l;ol;oi;^;n     i)GS$               
425 :                     ){nti;i=i(i)+l;ol;oi;^;nt     )GS$                
426 :                     {nti;i=i(i)+l;ol;oi;^;nti     GS$                 
427 : G->{e;}             {nti;i=i(i)+l;ol;oi;^;nti     GS$                 
428 : SAVESTATE:          22
428 :                     {nti;i=i(i)+l;ol;oi;^;nti     {e;}S$              
429 :                     nti;i=i(i)+l;ol;oi;^;nti;     e;}S$               
430 : TS_NOK/NS_NORULECHАIN
430 : RESSTATE            
430 :                     {nti;i=i(i)+l;ol;oi;^;nti     GS$                 
431 : G->{Ke;}            {nti;i=i(i)+l;ol;oi;^;nti     GS$                 
432 : SAVESTATE:          22
432 :                     {nti;i=i(i)+l;ol;oi;^;nti     {Ke;}S$             
433 :                     nti;i=i(i)+l;ol;oi;^;nti;     Ke;}S$              
434 : K->nti=V;K          nti;i=i(i)+l;ol;oi;^;nti;     Ke;}S$              
435 : SAVESTATE:          23
435 :                     nti;i=i(i)+l;ol;oi;^;nti;     nti=V;Ke;}S$        
436 :                     ti;i=i(i)+l;ol;oi;^;nti;i     ti=V;Ke;}S$         
437 :                     i;i=i(i)+l;ol;oi;^;nti;i=     i=V;Ke;}S$          
438 :                     ;i=i(i)+l;ol;oi;^;nti;i=i     =V;Ke;}S$           
439 : TS_NOK/NS_NORULECHАIN
439 : RESSTATE            
439 :                     nti;i=i(i)+l;ol;oi;^;nti;     Ke;}S$              
440 : K->nti;K            nti;i=i(i)+l;ol;oi;^;nti;     Ke;}S$              
441 : SAVESTATE:          23
441 :                     nti;i=i(i)+l;ol;oi;^;nti;     nti;Ke;}S$          
442 :                     ti;i=i(i)+l;ol;oi;^;nti;i     ti;Ke;}S$           
443 :                     i;i=i(i)+l;ol;oi;^;nti;i=     i;Ke;}S$            
444 :                     ;i=i(i)+l;ol;oi;^;nti;i=i     ;Ke;}S$             
445 :                     i=i(i)+l;ol;oi;^;nti;i=i(     Ke;}S$              
446 : K->i=W;K            i=i(i)+l;ol;oi;^;nti;i=i(     Ke;}S$              
447 : SAVESTATE:          24
447 :                     i=i(i)+l;ol;oi;^;nti;i=i(     i=W;Ke;}S$          
448 :                     =i(i)+l;ol;oi;^;nti;i=i(i     =W;Ke;}S$           
449 :                     i(i)+l;ol;oi;^;nti;i=i(i)     W;Ke;}S$            
450 : W->i                i(i)+l;ol;oi;^;nti;i=i(i)     W;Ke;}S$            
451 : SAVESTATE:          25
451 :                     i(i)+l;ol;oi;^;nti;i=i(i)     i;Ke;}S$            
452 :                     (i)+l;ol;oi;^;nti;i=i(i);     ;Ke;}S$             
453 : TS_NOK/NS_NORULECHАIN
453 : RESSTATE            
453 :                     i(i)+l;ol;oi;^;nti;i=i(i)     W;Ke;}S$            
454 : W->iF               i(i)+l;ol;oi;^;nti;i=i(i)     W;Ke;}S$            
455 : SAVESTATE:          25
455 :                     i(i)+l;ol;oi;^;nti;i=i(i)     iF;Ke;}S$           
456 :                     (i)+l;ol;oi;^;nti;i=i(i);     F;Ke;}S$            
457 : F->(N)              (i)+l;ol;oi;^;nti;i=i(i);     F;Ke;}S$            
458 : SAVESTATE:          26
458 :                     (i)+l;ol;oi;^;nti;i=i(i);     (N);Ke;}S$          
459 :                     i)+l;ol;oi;^;nti;i=i(i);o     N);Ke;}S$           
460 : N->i                i)+l;ol;oi;^;nti;i=i(i);o     N);Ke;}S$           
461 : SAVESTATE:          27
461 :                     i)+l;ol;oi;^;nti;i=i(i);o     i);Ke;}S$           
462 :                     )+l;ol;oi;^;nti;i=i(i);ol     );Ke;}S$            
463 :                     +l;ol;oi;^;nti;i=i(i);ol;     ;Ke;}S$             
464 : TS_NOK/NS_NORULECHАIN
464 : RESSTATE            
464 :                     i)+l;ol;oi;^;nti;i=i(i);o     N);Ke;}S$           
465 : N->i,N              i)+l;ol;oi;^;nti;i=i(i);o     N);Ke;}S$           
466 : SAVESTATE:          27
466 :                     i)+l;ol;oi;^;nti;i=i(i);o     i,N);Ke;}S$         
467 :                     )+l;ol;oi;^;nti;i=i(i);ol     ,N);Ke;}S$          
468 : TS_NOK/NS_NORULECHАIN
468 : RESSTATE            
468 :                     i)+l;ol;oi;^;nti;i=i(i);o     N);Ke;}S$           
469 : TNS_NORULECHAIN/NS_NORULE
469 : RESSTATE            
469 :                     (i)+l;ol;oi;^;nti;i=i(i);     F;Ke;}S$            
470 : F->()               (i)+l;ol;oi;^;nti;i=i(i);     F;Ke;}S$            
471 : SAVESTATE:          26
471 :                     (i)+l;ol;oi;^;nti;i=i(i);     ();Ke;}S$           
472 :                     i)+l;ol;oi;^;nti;i=i(i);o     );Ke;}S$            
473 : TS_NOK/NS_NORULECHАIN
473 : RESSTATE            
473 :                     (i)+l;ol;oi;^;nti;i=i(i);     F;Ke;}S$            
474 : TNS_NORULECHAIN/NS_NORULE
474 : RESSTATE            
474 :                     i(i)+l;ol;oi;^;nti;i=i(i)     W;Ke;}S$            
475 : W->iAW              i(i)+l;ol;oi;^;nti;i=i(i)     W;Ke;}S$            
476 : SAVESTATE:          25
476 :                     i(i)+l;ol;oi;^;nti;i=i(i)     iAW;Ke;}S$          
477 :                     (i)+l;ol;oi;^;nti;i=i(i);     AW;Ke;}S$           
478 : TNS_NORULECHAIN/NS_NORULE
478 : RESSTATE            
478 :                     i(i)+l;ol;oi;^;nti;i=i(i)     W;Ke;}S$            
479 : W->iFAW             i(i)+l;ol;oi;^;nti;i=i(i)     W;Ke;}S$            
480 : SAVESTATE:          25
480 :                     i(i)+l;ol;oi;^;nti;i=i(i)     iFAW;Ke;}S$         
481 :                     (i)+l;ol;oi;^;nti;i=i(i);     FAW;Ke;}S$          
482 : F->(N)              (i)+l;ol;oi;^;nti;i=i(i);     FAW;Ke;}S$          
483 : SAVESTATE:          26
483 :                     (i)+l;ol;oi;^;nti;i=i(i);     (N)AW;Ke;}S$        
484 :                     i)+l;ol;oi;^;nti;i=i(i);o     N)AW;Ke;}S$         
485 : N->i                i)+l;ol;oi;^;nti;i=i(i);o     N)AW;Ke;}S$         
486 : SAVESTATE:          27
486 :                     i)+l;ol;oi;^;nti;i=i(i);o     i)AW;Ke;}S$         
487 :                     )+l;ol;oi;^;nti;i=i(i);ol     )AW;Ke;}S$          
488 :                     +l;ol;oi;^;nti;i=i(i);ol;     AW;Ke;}S$           
489 : A->+                +l;ol;oi;^;nti;i=i(i);ol;     AW;Ke;}S$           
490 : SAVESTATE:          28
490 :                     +l;ol;oi;^;nti;i=i(i);ol;     +W;Ke;}S$           
491 :                     l;ol;oi;^;nti;i=i(i);ol;o     W;Ke;}S$            
492 : W->l                l;ol;oi;^;nti;i=i(i);ol;o     W;Ke;}S$            
493 : SAVESTATE:          29
493 :                     l;ol;oi;^;nti;i=i(i);ol;o     l;Ke;}S$            
494 :                     ;ol;oi;^;nti;i=i(i);ol;oi     ;Ke;}S$             
495 :                     ol;oi;^;nti;i=i(i);ol;oi;     Ke;}S$              
496 : K->oV;K             ol;oi;^;nti;i=i(i);ol;oi;     Ke;}S$              
497 : SAVESTATE:          30
497 :                     ol;oi;^;nti;i=i(i);ol;oi;     oV;Ke;}S$           
498 :                     l;oi;^;nti;i=i(i);ol;oi;^     V;Ke;}S$            
499 : V->l                l;oi;^;nti;i=i(i);ol;oi;^     V;Ke;}S$            
500 : SAVESTATE:          31
500 :                     l;oi;^;nti;i=i(i);ol;oi;^     l;Ke;}S$            
501 :                     ;oi;^;nti;i=i(i);ol;oi;^;     ;Ke;}S$             
502 :                     oi;^;nti;i=i(i);ol;oi;^;e     Ke;}S$              
503 : K->oV;K             oi;^;nti;i=i(i);ol;oi;^;e     Ke;}S$              
504 : SAVESTATE:          32
504 :                     oi;^;nti;i=i(i);ol;oi;^;e     oV;Ke;}S$           
505 :                     i;^;nti;i=i(i);ol;oi;^;e;     V;Ke;}S$            
506 : V->i                i;^;nti;i=i(i);ol;oi;^;e;     V;Ke;}S$            
507 : SAVESTATE:          33
507 :                     i;^;nti;i=i(i);ol;oi;^;e;     i;Ke;}S$            
508 :                     ;^;nti;i=i(i);ol;oi;^;e;}     ;Ke;}S$             
509 :                     ^;nti;i=i(i);ol;oi;^;e;}m     Ke;}S$              
510 : K->^;K              ^;nti;i=i(i);ol;oi;^;e;}m     Ke;}S$              
511 : SAVESTATE:          34
511 :                     ^;nti;i=i(i);ol;oi;^;e;}m     ^;Ke;}S$            
512 :                     ;nti;i=i(i);ol;oi;^;e;}m{     ;Ke;}S$             
513 :                     nti;i=i(i);ol;oi;^;e;}m{n     Ke;}S$              
514 : K->nti=V;K          nti;i=i(i);ol;oi;^;e;}m{n     Ke;}S$              
515 : SAVESTATE:          35
515 :                     nti;i=i(i);ol;oi;^;e;}m{n     nti=V;Ke;}S$        
516 :                     ti;i=i(i);ol;oi;^;e;}m{nt     ti=V;Ke;}S$         
517 :                     i;i=i(i);ol;oi;^;e;}m{nti     i=V;Ke;}S$          
518 :                     ;i=i(i);ol;oi;^;e;}m{nti=     =V;Ke;}S$           
519 : TS_NOK/NS_NORULECHАIN
519 : RESSTATE            
519 :                     nti;i=i(i);ol;oi;^;e;}m{n     Ke;}S$              
520 : K->nti;K            nti;i=i(i);ol;oi;^;e;}m{n     Ke;}S$              
521 : SAVESTATE:          35
521 :                     nti;i=i(i);ol;oi;^;e;}m{n     nti;Ke;}S$          
522 :                     ti;i=i(i);ol;oi;^;e;}m{nt     ti;Ke;}S$           
523 :                     i;i=i(i);ol;oi;^;e;}m{nti     i;Ke;}S$            
524 :                     ;i=i(i);ol;oi;^;e;}m{nti=     ;Ke;}S$             
525 :                     i=i(i);ol;oi;^;e;}m{nti=l     Ke;}S$              
526 : K->i=W;K            i=i(i);ol;oi;^;e;}m{nti=l     Ke;}S$              
527 : SAVESTATE:          36
527 :                     i=i(i);ol;oi;^;e;}m{nti=l     i=W;Ke;}S$          
528 :                     =i(i);ol;oi;^;e;}m{nti=l;     =W;Ke;}S$           
529 :                     i(i);ol;oi;^;e;}m{nti=l;^     W;Ke;}S$            
530 : W->i                i(i);ol;oi;^;e;}m{nti=l;^     W;Ke;}S$            
531 : SAVESTATE:          37
531 :                     i(i);ol;oi;^;e;}m{nti=l;^     i;Ke;}S$            
532 :                     (i);ol;oi;^;e;}m{nti=l;^;     ;Ke;}S$             
533 : TS_NOK/NS_NORULECHАIN
533 : RESSTATE            
533 :                     i(i);ol;oi;^;e;}m{nti=l;^     W;Ke;}S$            
534 : W->iF               i(i);ol;oi;^;e;}m{nti=l;^     W;Ke;}S$            
535 : SAVESTATE:          37
535 :                     i(i);ol;oi;^;e;}m{nti=l;^     iF;Ke;}S$           
536 :                     (i);ol;oi;^;e;}m{nti=l;^;     F;Ke;}S$            
537 : F->(N)              (i);ol;oi;^;e;}m{nti=l;^;     F;Ke;}S$            
538 : SAVESTATE:          38
538 :                     (i);ol;oi;^;e;}m{nti=l;^;     (N);Ke;}S$          
539 :                     i);ol;oi;^;e;}m{nti=l;^;o     N);Ke;}S$           
540 : N->i                i);ol;oi;^;e;}m{nti=l;^;o     N);Ke;}S$           
541 : SAVESTATE:          39
541 :                     i);ol;oi;^;e;}m{nti=l;^;o     i);Ke;}S$           
542 :                     );ol;oi;^;e;}m{nti=l;^;oi     );Ke;}S$            
543 :                     ;ol;oi;^;e;}m{nti=l;^;oi;     ;Ke;}S$             
544 :                     ol;oi;^;e;}m{nti=l;^;oi;^     Ke;}S$              
545 : K->oV;K             ol;oi;^;e;}m{nti=l;^;oi;^     Ke;}S$              
546 : SAVESTATE:          40
546 :                     ol;oi;^;e;}m{nti=l;^;oi;^     oV;Ke;}S$           
547 :                     l;oi;^;e;}m{nti=l;^;oi;^;     V;Ke;}S$            
548 : V->l                l;oi;^;e;}m{nti=l;^;oi;^;     V;Ke;}S$            
549 : SAVESTATE:          41
549 :                     l;oi;^;e;}m{nti=l;^;oi;^;     l;Ke;}S$            
550 :                     ;oi;^;e;}m{nti=l;^;oi;^;o     ;Ke;}S$             
551 :                     oi;^;e;}m{nti=l;^;oi;^;oi     Ke;}S$              
552 : K->oV;K             oi;^;e;}m{nti=l;^;oi;^;oi     Ke;}S$              
553 : SAVESTATE:          42
553 :                     oi;^;e;}m{nti=l;^;oi;^;oi     oV;Ke;}S$           
554 :                     i;^;e;}m{nti=l;^;oi;^;oi;     V;Ke;}S$            
555 : V->i                i;^;e;}m{nti=l;^;oi;^;oi;     V;Ke;}S$            
556 : SAVESTATE:          43
556 :                     i;^;e;}m{nti=l;^;oi;^;oi;     i;Ke;}S$            
557 :                     ;^;e;}m{nti=l;^;oi;^;oi;^     ;Ke;}S$             
558 :                     ^;e;}m{nti=l;^;oi;^;oi;^;     Ke;}S$              
559 : K->^;K              ^;e;}m{nti=l;^;oi;^;oi;^;     Ke;}S$              
560 : SAVESTATE:          44
560 :                     ^;e;}m{nti=l;^;oi;^;oi;^;     ^;Ke;}S$            
561 :                     ;e;}m{nti=l;^;oi;^;oi;^;n     ;Ke;}S$             
562 :                     e;}m{nti=l;^;oi;^;oi;^;nt     Ke;}S$              
563 : TNS_NORULECHAIN/NS_NORULE
563 : RESSTATE            
563 :                     ^;e;}m{nti=l;^;oi;^;oi;^;     Ke;}S$              
564 : K->^;               ^;e;}m{nti=l;^;oi;^;oi;^;     Ke;}S$              
565 : SAVESTATE:          44
565 :                     ^;e;}m{nti=l;^;oi;^;oi;^;     ^;e;}S$             
566 :                     ;e;}m{nti=l;^;oi;^;oi;^;n     ;e;}S$              
567 :                     e;}m{nti=l;^;oi;^;oi;^;nt     e;}S$               
568 :                     ;}m{nti=l;^;oi;^;oi;^;nti     ;}S$                
569 :                     }m{nti=l;^;oi;^;oi;^;nti=     }S$                 
570 :                     m{nti=l;^;oi;^;oi;^;nti=l     S$                  
571 : S->m{K}             m{nti=l;^;oi;^;oi;^;nti=l     S$                  
572 : SAVESTATE:          45
572 :                     m{nti=l;^;oi;^;oi;^;nti=l     m{K}$               
573 :                     {nti=l;^;oi;^;oi;^;nti=l;     {K}$                
574 :                     nti=l;^;oi;^;oi;^;nti=l;n     K}$                 
575 : K->nti=V;K          nti=l;^;oi;^;oi;^;nti=l;n     K}$                 
576 : SAVESTATE:          46
576 :                     nti=l;^;oi;^;oi;^;nti=l;n     nti=V;K}$           
577 :                     ti=l;^;oi;^;oi;^;nti=l;nt     ti=V;K}$            
578 :                     i=l;^;oi;^;oi;^;nti=l;nti     i=V;K}$             
579 :                     =l;^;oi;^;oi;^;nti=l;nti=     =V;K}$              
580 :                     l;^;oi;^;oi;^;nti=l;nti=l     V;K}$               
581 : V->l                l;^;oi;^;oi;^;nti=l;nti=l     V;K}$               
582 : SAVESTATE:          47
582 :                     l;^;oi;^;oi;^;nti=l;nti=l     l;K}$               
583 :                     ;^;oi;^;oi;^;nti=l;nti=l;     ;K}$                
584 :                     ^;oi;^;oi;^;nti=l;nti=l;i     K}$                 
585 : K->^;K              ^;oi;^;oi;^;nti=l;nti=l;i     K}$                 
586 : SAVESTATE:          48
586 :                     ^;oi;^;oi;^;nti=l;nti=l;i     ^;K}$               
587 :                     ;oi;^;oi;^;nti=l;nti=l;i(     ;K}$                
588 :                     oi;^;oi;^;nti=l;nti=l;i(i     K}$                 
589 : K->oV;K             oi;^;oi;^;nti=l;nti=l;i(i     K}$                 
590 : SAVESTATE:          49
590 :                     oi;^;oi;^;nti=l;nti=l;i(i     oV;K}$              
591 :                     i;^;oi;^;nti=l;nti=l;i(i,     V;K}$               
592 : V->i                i;^;oi;^;nti=l;nti=l;i(i,     V;K}$               
593 : SAVESTATE:          50
593 :                     i;^;oi;^;nti=l;nti=l;i(i,     i;K}$               
594 :                     ;^;oi;^;nti=l;nti=l;i(i,i     ;K}$                
595 :                     ^;oi;^;nti=l;nti=l;i(i,i)     K}$                 
596 : K->^;K              ^;oi;^;nti=l;nti=l;i(i,i)     K}$                 
597 : SAVESTATE:          51
597 :                     ^;oi;^;nti=l;nti=l;i(i,i)     ^;K}$               
598 :                     ;oi;^;nti=l;nti=l;i(i,i);     ;K}$                
599 :                     oi;^;nti=l;nti=l;i(i,i);^     K}$                 
600 : K->oV;K             oi;^;nti=l;nti=l;i(i,i);^     K}$                 
601 : SAVESTATE:          52
601 :                     oi;^;nti=l;nti=l;i(i,i);^     oV;K}$              
602 :                     i;^;nti=l;nti=l;i(i,i);^;     V;K}$               
603 : V->i                i;^;nti=l;nti=l;i(i,i);^;     V;K}$               
604 : SAVESTATE:          53
604 :                     i;^;nti=l;nti=l;i(i,i);^;     i;K}$               
605 :                     ;^;nti=l;nti=l;i(i,i);^;o     ;K}$                
606 :                     ^;nti=l;nti=l;i(i,i);^;oi     K}$                 
607 : K->^;K              ^;nti=l;nti=l;i(i,i);^;oi     K}$                 
608 : SAVESTATE:          54
608 :                     ^;nti=l;nti=l;i(i,i);^;oi     ^;K}$               
609 :                     ;nti=l;nti=l;i(i,i);^;oi;     ;K}$                
610 :                     nti=l;nti=l;i(i,i);^;oi;o     K}$                 
611 : K->nti=V;K          nti=l;nti=l;i(i,i);^;oi;o     K}$                 
612 : SAVESTATE:          55
612 :                     nti=l;nti=l;i(i,i);^;oi;o     nti=V;K}$           
613 :                     ti=l;nti=l;i(i,i);^;oi;oi     ti=V;K}$            
614 :                     i=l;nti=l;i(i,i);^;oi;oi;     i=V;K}$             
615 :                     =l;nti=l;i(i,i);^;oi;oi;^     =V;K}$              
616 :                     l;nti=l;i(i,i);^;oi;oi;^;     V;K}$               
617 : V->l                l;nti=l;i(i,i);^;oi;oi;^;     V;K}$               
618 : SAVESTATE:          56
618 :                     l;nti=l;i(i,i);^;oi;oi;^;     l;K}$               
619 :                     ;nti=l;i(i,i);^;oi;oi;^;      ;K}$                
620 :                     nti=l;i(i,i);^;oi;oi;^;       K}$                 
621 : K->nti=V;K          nti=l;i(i,i);^;oi;oi;^;       K}$                 
622 : SAVESTATE:          57
622 :                     nti=l;i(i,i);^;oi;oi;^;       nti=V;K}$           
623 :                     ti=l;i(i,i);^;oi;oi;^;        ti=V;K}$            
624 :                     i=l;i(i,i);^;oi;oi;^;         i=V;K}$             
625 :                     =l;i(i,i);^;oi;oi;^;          =V;K}$              
626 :                     l;i(i,i);^;oi;oi;^;           V;K}$               
627 : V->l                l;i(i,i);^;oi;oi;^;           V;K}$               
628 : SAVESTATE:          58
628 :                     l;i(i,i);^;oi;oi;^;           l;K}$               
629 :                     ;i(i,i);^;oi;oi;^;            ;K}$                
630 :                     i(i,i);^;oi;oi;^;             K}$                 
631 : K->i=W;K            i(i,i);^;oi;oi;^;             K}$                 
632 : SAVESTATE:          59
632 :                     i(i,i);^;oi;oi;^;             i=W;K}$             
633 :                     (i,i);^;oi;oi;^;              =W;K}$              
634 : TS_NOK/NS_NORULECHАIN
634 : RESSTATE            
634 :                     i(i,i);^;oi;oi;^;             K}$                 
635 : K->iF;K             i(i,i);^;oi;oi;^;             K}$                 
636 : SAVESTATE:          59
636 :                     i(i,i);^;oi;oi;^;             iF;K}$              
637 :                     (i,i);^;oi;oi;^;              F;K}$               
638 : F->(N)              (i,i);^;oi;oi;^;              F;K}$               
639 : SAVESTATE:          60
639 :                     (i,i);^;oi;oi;^;              (N);K}$             
640 :                     i,i);^;oi;oi;^;               N);K}$              
641 : N->i                i,i);^;oi;oi;^;               N);K}$              
642 : SAVESTATE:          61
642 :                     i,i);^;oi;oi;^;               i);K}$              
643 :                     ,i);^;oi;oi;^;                );K}$               
644 : TS_NOK/NS_NORULECHАIN
644 : RESSTATE            
644 :                     i,i);^;oi;oi;^;               N);K}$              
645 : N->i,N              i,i);^;oi;oi;^;               N);K}$              
646 : SAVESTATE:          61
646 :                     i,i);^;oi;oi;^;               i,N);K}$            
647 :                     ,i);^;oi;oi;^;                ,N);K}$             
648 :                     i);^;oi;oi;^;                 N);K}$              
649 : N->i                i);^;oi;oi;^;                 N);K}$              
650 : SAVESTATE:          62
650 :                     i);^;oi;oi;^;                 i);K}$              
651 :                     );^;oi;oi;^;                  );K}$               
652 :                     ;^;oi;oi;^;                   ;K}$                
653 :                     ^;oi;oi;^;                    K}$                 
654 : K->^;K              ^;oi;oi;^;                    K}$                 
655 : SAVESTATE:          63
655 :                     ^;oi;oi;^;                    ^;K}$               
656 :                     ;oi;oi;^;                     ;K}$                
657 :                     oi;oi;^;                      K}$                 
658 : K->oV;K             oi;oi;^;                      K}$                 
659 : SAVESTATE:          64
659 :                     oi;oi;^;                      oV;K}$              
660 :                     i;oi;^;                       V;K}$               
661 : V->i                i;oi;^;                       V;K}$               
662 : SAVESTATE:          65
662 :                     i;oi;^;                       i;K}$               
663 :                     ;oi;^;                        ;K}$                
664 :                     oi;^;                         K}$                 
665 : K->oV;K             oi;^;                         K}$                 
666 : SAVESTATE:          66
666 :                     oi;^;                         oV;K}$              
667 :                     i;^;                          V;K}$               
668 : V->i                i;^;                          V;K}$               
669 : SAVESTATE:          67
669 :                     i;^;                          i;K}$               
670 :                     ;^;                           ;K}$                
671 :                     ^;                            K}$                 
672 : K->^;K              ^;                            K}$                 
673 : SAVESTATE:          68
673 :                     ^;                            ^;K}$               
674 :                     ;                             ;K}$                
675 :                                                   K}$                 
676 : LENTA_END           
677 : ------>LENTA_END    
===================================================================================
0   : всего строк 142, синтаксический анализ выполнен без ошибок 
0   : S->tfiPTS           
3   : P->(E)              
4   : E->ti,E             
7   : E->ti               
10  : T->{KeV;}           
11  : K->nti;K            
15  : K->?Z#R             
16  : Z->iLi              
17  : L-><                
20  : R->wYrY#            
21  : Y->{X}              
22  : X->i=W;             
24  : W->i                
28  : Y->{X}              
29  : X->i=W;             
31  : W->i                
36  : V->i                
39  : S->pfiPGS           
42  : P->(E)              
43  : E->ti,E             
46  : E->ti               
49  : G->{Ke;}            
50  : K->nti;K            
54  : K->i=W;K            
56  : W->iFAW             
57  : F->(N)              
58  : N->i                
60  : A->+                
61  : W->l                
63  : K->oV;K             
64  : V->l                
66  : K->oV;K             
67  : V->i                
69  : K->^;K              
71  : K->nti;K            
75  : K->i=W;K            
77  : W->iF               
78  : F->(N)              
79  : N->i                
82  : K->oV;K             
83  : V->l                
85  : K->oV;K             
86  : V->i                
88  : K->^;               
93  : S->m{K}             
95  : K->nti=V;K          
99  : V->l                
101 : K->^;K              
103 : K->oV;K             
104 : V->i                
106 : K->^;K              
108 : K->oV;K             
109 : V->i                
111 : K->^;K              
113 : K->nti=V;K          
117 : V->l                
119 : K->nti=V;K          
123 : V->l                
125 : K->iF;K             
126 : F->(N)              
127 : N->i,N              
129 : N->i                
132 : K->^;K              
134 : K->oV;K             
135 : V->i                
137 : K->oV;K             
138 : V->i                
140 : K->^;K              

====================  КОНЕЧНЫЕ ТАБЛИЦЫ ЛЕКСЕМ И ИДЕНТИФИКАТОРОВ  ===================
===============================  ТАБЛИЦА ЛЕКСЕМ  ==================================

|  N | ЛЕКСЕМА | СТРОКА | ИНДЕКС В ТИ |
|0   | t       |  1     |             |
|1   | f       |  1     |             |
|2   | i       |  1     |0            |
|3   | (       |  1     |             |
|4   | t       |  1     |             |
|5   | i       |  1     |1            |
|6   | ,       |  1     |             |
|7   | t       |  1     |             |
|8   | i       |  1     |2            |
|9   | )       |  1     |             |
|10  | {       |  2     |             |
|11  | n       |  3     |             |
|12  | t       |  3     |             |
|13  | i       |  3     |3            |
|14  | ;       |  3     |             |
|15  | ?       |  4     |             |
|16  | i       |  4     |1            |
|17  | <       |  4     |             |
|18  | i       |  4     |2            |
|19  | #       |  4     |             |
|20  | w       |  5     |             |
|21  | {       |  5     |             |
|22  | i       |  5     |3            |
|23  | =       |  5     |             |
|24  | i       |  5     |1            |
|25  | ;       |  5     |             |
|26  | }       |  5     |             |
|27  | r       |  6     |             |
|28  | {       |  6     |             |
|29  | i       |  6     |3            |
|30  | =       |  6     |             |
|31  | i       |  6     |2            |
|32  | ;       |  6     |             |
|33  | }       |  6     |             |
|34  | #       |  6     |             |
|35  | e       |  7     |             |
|36  | i       |  7     |3            |
|37  | ;       |  7     |             |
|38  | }       |  8     |             |
|39  | p       |  10    |             |
|40  | f       |  10    |             |
|41  | i       |  10    |4            |
|42  | (       |  10    |             |
|43  | t       |  10    |             |
|44  | i       |  10    |5            |
|45  | ,       |  10    |             |
|46  | t       |  10    |             |
|47  | i       |  10    |6            |
|48  | )       |  10    |             |
|49  | {       |  11    |             |
|50  | n       |  12    |             |
|51  | t       |  12    |             |
|52  | i       |  12    |7            |
|53  | ;       |  12    |             |
|54  | i       |  13    |7            |
|55  | =       |  13    |             |
|56  | i       |  13    |8            |
|57  | (       |  13    |             |
|58  | i       |  13    |5            |
|59  | )       |  13    |             |
|60  | l       |  13    |9            |
|61  | +       |  13    |             |
|62  | ;       |  13    |             |
|63  | o       |  14    |             |
|64  | l       |  14    |10           |
|65  | ;       |  14    |             |
|66  | o       |  15    |             |
|67  | i       |  15    |7            |
|68  | ;       |  15    |             |
|69  | ^       |  16    |             |
|70  | ;       |  16    |             |
|71  | n       |  18    |             |
|72  | t       |  18    |             |
|73  | i       |  18    |11           |
|74  | ;       |  18    |             |
|75  | i       |  19    |11           |
|76  | =       |  19    |             |
|77  | i       |  19    |12           |
|78  | (       |  19    |             |
|79  | i       |  19    |6            |
|80  | )       |  19    |             |
|81  | ;       |  19    |             |
|82  | o       |  20    |             |
|83  | l       |  20    |13           |
|84  | ;       |  20    |             |
|85  | o       |  21    |             |
|86  | i       |  21    |11           |
|87  | ;       |  21    |             |
|88  | ^       |  22    |             |
|89  | ;       |  22    |             |
|90  | e       |  23    |             |
|91  | ;       |  23    |             |
|92  | }       |  24    |             |
|93  | m       |  27    |             |
|94  | {       |  28    |             |
|95  | n       |  29    |             |
|96  | t       |  29    |             |
|97  | i       |  29    |14           |
|98  | =       |  29    |             |
|99  | l       |  29    |15           |
|100 | ;       |  29    |             |
|101 | ^       |  30    |             |
|102 | ;       |  30    |             |
|103 | o       |  31    |             |
|104 | i       |  31    |14           |
|105 | ;       |  31    |             |
|106 | ^       |  32    |             |
|107 | ;       |  32    |             |
|108 | o       |  33    |             |
|109 | i       |  33    |14           |
|110 | ;       |  33    |             |
|111 | ^       |  34    |             |
|112 | ;       |  34    |             |
|113 | n       |  35    |             |
|114 | t       |  35    |             |
|115 | i       |  35    |16           |
|116 | =       |  35    |             |
|117 | l       |  35    |17           |
|118 | ;       |  35    |             |
|119 | n       |  36    |             |
|120 | t       |  36    |             |
|121 | i       |  36    |18           |
|122 | =       |  36    |             |
|123 | l       |  36    |19           |
|124 | ;       |  36    |             |
|125 | i       |  37    |4            |
|126 | (       |  37    |             |
|127 | i       |  37    |14           |
|128 | ,       |  37    |             |
|129 | i       |  37    |16           |
|130 | )       |  37    |             |
|131 | ;       |  37    |             |
|132 | ^       |  38    |             |
|133 | ;       |  38    |             |
|134 | o       |  39    |             |
|135 | i       |  39    |14           |
|136 | ;       |  39    |             |
|137 | o       |  40    |             |
|138 | i       |  40    |14           |
|139 | ;       |  40    |             |
|140 | ^       |  41    |             |
|141 | ;       |  41    |             |
=============================  ТАБЛИЦА ИДЕНТИФИКАТОРОВ  ============================

|  N  |СТРОКА В ТЛ| ТИП ИДЕНТИФИКАТОРА |        ИМЯ        | ЗНАЧЕНИЕ (ПАРАМЕТРЫ)
|0    |  2        |  number   function |  min              | P0:NUMBER | P1:NUMBER |
|1    |  5        |  number  parameter |  minx             |
|2    |  8        |  number  parameter |  miny             |
|3    |  13       |  number   variable |  minres           |0
|4    |  41       |   proc    function |  strings          | P0:STRING | P1:STRING |
|5    |  44       | string   parameter |  stringsa         |
|6    |  47       | string   parameter |  stringsb         |
|7    |  52       |  number   variable |  stringsk         |0
|8    |  56       |  number   LIB FUNC |  lenght           | P0:STRING |
|9    |  60       |  number    literal |  LTRL1            |5
|10   |  64       | string     literal |  LTRL2            |[25]Lenght + 10001:          
|11   |  73       | string    variable |  stringsstr       |[0]
|12   |  77       | string    LIB FUNC |  strcopy          | P0:STRING |
|13   |  83       | string     literal |  LTRL3            |[26]String copy11111:         
|14   |  97       | string    variable |  mainstrx         |[0]
|15   |  99       | string     literal |  LTRL4            |[8]RSA-2023
|16   |  115      | string    variable |  mainstry         |[0]
|17   |  117      | string     literal |  LTRL5            |[11]Test String
|18   |  121      | string    variable |  mainstrz         |[0]
|19   |  123      | string     literal |  LTRL6            |[2]23

===================================================================================


====================  ЛЕКСЕМЫ, СООТВЕТСТВУЮЩИЕ ИСХОДНОМУ КОДУ =====================

1   | tfi[0](ti[1],ti[2])
2   | {
3   | nti[3];
4   | ?i[1]<i[2]#
5   | w{i[3]=i[1];}
6   | r{i[3]=i[2];}#
7   | ei[3];
8   | }
10  | pfi[4](ti[5],ti[6])
11  | {
12  | nti[7];
13  | i[7]=i[8](i[5])l[9]+;
14  | ol[10];
15  | oi[7];
16  | ^;
18  | nti[11];
19  | i[11]=i[12](i[6]);
20  | ol[13];
21  | oi[11];
22  | ^;
23  | e;
24  | }
27  | m
28  | {
29  | nti[14]=l[15];
30  | ^;
31  | oi[14];
32  | ^;
33  | oi[14];
34  | ^;
35  | nti[16]=l[17];
36  | nti[18]=l[19];
37  | i[4](i[14],i[16]);
38  | ^;
39  | oi[14];
40  | oi[14];
41  | ^;
===================================================================================

Программа успешно завершена!
