e:\универ\2_курс\курсач_кпо\rsa-2023\rsa-2023\debug\vc143.pdb
e:\универ\2_курс\курсач_кпо\rsa-2023\rsa-2023\debug\vc143.idb
e:\универ\2_курс\курсач_кпо\rsa-2023\rsa-2023\debug\semanalysis.obj
e:\универ\2_курс\курсач_кпо\rsa-2023\rsa-2023\debug\polishnotation.obj
e:\универ\2_курс\курсач_кпо\rsa-2023\rsa-2023\debug\it.obj
e:\универ\2_курс\курсач_кпо\rsa-2023\rsa-2023\debug\lexanalysis.obj
e:\универ\2_курс\курсач_кпо\rsa-2023\rsa-2023\debug\parm.obj
e:\универ\2_курс\курсач_кпо\rsa-2023\rsa-2023\debug\mfst.obj
e:\универ\2_курс\курсач_кпо\rsa-2023\rsa-2023\debug\lt.obj
e:\универ\2_курс\курсач_кпо\rsa-2023\rsa-2023\debug\log.obj
e:\универ\2_курс\курсач_кпо\rsa-2023\rsa-2023\debug\in.obj
e:\универ\2_курс\курсач_кпо\rsa-2023\rsa-2023\debug\greibach.obj
e:\универ\2_курс\курсач_кпо\rsa-2023\rsa-2023\debug\generator.obj
e:\универ\2_курс\курсач_кпо\rsa-2023\rsa-2023\debug\fst.obj
e:\универ\2_курс\курсач_кпо\rsa-2023\rsa-2023\debug\error.obj
e:\универ\2_курс\курсач_кпо\rsa-2023\rsa-2023\debug\rsa-2023.obj
e:\универ\2_курс\курсач_кпо\rsa-2023\debug\rsa-2023.exe
e:\универ\2_курс\курсач_кпо\rsa-2023\rsa-2023\debug\rsa-2023.ilk
e:\универ\2_курс\курсач_кпо\rsa-2023\debug\rsa-2023.pdb
e:\универ\2_курс\курсач_кпо\rsa-2023\rsa-2023\debug\rsa-2023.tlog\cl.command.1.tlog
e:\универ\2_курс\курсач_кпо\rsa-2023\rsa-2023\debug\rsa-2023.tlog\cl.read.1.tlog
e:\универ\2_курс\курсач_кпо\rsa-2023\rsa-2023\debug\rsa-2023.tlog\cl.write.1.tlog
e:\универ\2_курс\курсач_кпо\rsa-2023\rsa-2023\debug\rsa-2023.tlog\link.command.1.tlog
e:\универ\2_курс\курсач_кпо\rsa-2023\rsa-2023\debug\rsa-2023.tlog\link.read.1.tlog
e:\универ\2_курс\курсач_кпо\rsa-2023\rsa-2023\debug\rsa-2023.tlog\link.write.1.tlog
